==433179== Helgrind, a thread error detector
==433179== Copyright (C) 2007-2017, and GNU GPL'd, by OpenWorks LLP et al.
==433179== Using Valgrind-3.22.0-bd4db67b1d-20231031 and LibVEX; rerun with -h for copyright info
==433179== Command: ./philo 3 310 200 100 5
==433179== Parent PID: 433178
==433179== 
--433179-- 
--433179-- Valgrind options:
--433179--    --tool=helgrind
--433179--    -v
--433179--    --log-file=helgrind_verbose.log
--433179-- Contents of /proc/version:
--433179--   Linux version 6.6.87.2-microsoft-standard-WSL2 (root@439a258ad544) (gcc (GCC) 11.2.0, GNU ld (GNU Binutils) 2.37) #1 SMP PREEMPT_DYNAMIC Thu Jun  5 18:30:46 UTC 2025
--433179-- 
--433179-- Arch and hwcaps: AMD64, LittleEndian, amd64-cx16-lzcnt-rdtscp-sse3-ssse3-avx-avx2-bmi-f16c-rdrand-rdseed
--433179-- Page sizes: currently 4096, max supported 4096
--433179-- Valgrind library directory: /usr/libexec/valgrind
==433179== helgrind --delta-stacktrace=yes only works with --vex-guest-chase=no
==433179== => (re-setting it to 'no')
--433179-- Reading syms from /home/lokywsl/42cursus/philo/philo
--433179-- Reading syms from /usr/lib/x86_64-linux-gnu/ld-linux-x86-64.so.2
--433179-- Reading syms from /usr/libexec/valgrind/helgrind-amd64-linux
--433179--    object doesn't have a dynamic symbol table
--433179-- Scheduler: using generic scheduler lock implementation.
--433179-- Reading suppressions file: /usr/libexec/valgrind/default.supp
==433179== embedded gdbserver: reading from /tmp/vgdb-pipe-from-vgdb-to-433179-by-lokywsl-on-???
==433179== embedded gdbserver: writing to   /tmp/vgdb-pipe-to-vgdb-from-433179-by-lokywsl-on-???
==433179== embedded gdbserver: shared mem   /tmp/vgdb-pipe-shared-mem-vgdb-433179-by-lokywsl-on-???
==433179== 
==433179== TO CONTROL THIS PROCESS USING vgdb (which you probably
==433179== don't want to do, unless you know exactly what you're doing,
==433179== or are doing some strange experiment):
==433179==   /usr/bin/vgdb --pid=433179 ...command...
==433179== 
==433179== TO DEBUG THIS PROCESS USING GDB: start GDB like this
==433179==   /path/to/gdb ./philo
==433179== and then give GDB the following command
==433179==   target remote | /usr/bin/vgdb --pid=433179
==433179== --pid is optional if only one valgrind process is running
==433179== 
--433179--   Considering /usr/lib/debug/.build-id/28/1ac1521b4102509b1c7ac7004db7c1efb81796.debug ..
--433179--   .. build-id is valid
--433179-- Reading syms from /usr/libexec/valgrind/vgpreload_core-amd64-linux.so
--433179-- Reading syms from /usr/libexec/valgrind/vgpreload_helgrind-amd64-linux.so
--433179-- REDIR: 0x40274e0 (ld-linux-x86-64.so.2:strcmp) redirected to 0x4857f90 (strcmp)
--433179-- REDIR: 0x4028b00 (ld-linux-x86-64.so.2:strlen) redirected to 0x4857390 (strlen)
--433179-- REDIR: 0x4026910 (ld-linux-x86-64.so.2:mempcpy) redirected to 0x485b090 (mempcpy)
--433179-- Reading syms from /usr/lib/x86_64-linux-gnu/libc.so.6
--433179--   Considering /usr/lib/debug/.build-id/28/2c2c16e7b6600b0b22ea0c99010d2795752b5f.debug ..
--433179--   .. build-id is valid
==433179== WARNING: new redirection conflicts with existing -- ignoring it
--433179--     old: 0x04910130 (pthread_spin_init@@G) W-> (0000.0) 0x048568e0 pthread_spin_init
--433179--     new: 0x04910130 (pthread_spin_init@@G) W-> (0000.0) 0x048568f0 pthread_spin_unlock
==433179== WARNING: new redirection conflicts with existing -- ignoring it
--433179--     old: 0x04910130 (pthread_spin_init@@G) W-> (0000.0) 0x048568e0 pthread_spin_init
--433179--     new: 0x04910130 (pthread_spin_init@@G) W-> (0000.0) 0x048568f0 pthread_spin_unlock
==433179== WARNING: new redirection conflicts with existing -- ignoring it
--433179--     old: 0x049107e0 (sem_post@@GLIBC_2.34) W-> (0000.0) 0x04856a30 sem_post@*
--433179--     new: 0x049107e0 (sem_post@@GLIBC_2.34) W-> (0000.0) 0x04856a20 sem_post
==433179== WARNING: new redirection conflicts with existing -- ignoring it
--433179--     old: 0x04911000 (sem_wait@@GLIBC_2.34) W-> (0000.0) 0x04856a10 sem_wait@*
--433179--     new: 0x04911000 (sem_wait@@GLIBC_2.34) W-> (0000.0) 0x04856a00 sem_wait
--433179-- REDIR: 0x4028ca0 (ld-linux-x86-64.so.2:strncmp) redirected to 0x48577c0 (strncmp)
--433179-- REDIR: 0x4921050 (libc.so.6:strnlen) redirected to 0x483d1c0 (_vgnU_ifunc_wrapper)
--433179-- REDIR: 0x49210e0 (libc.so.6:strpbrk) redirected to 0x483d1c0 (_vgnU_ifunc_wrapper)
--433179-- REDIR: 0x491f1a0 (libc.so.6:strcmp) redirected to 0x483d1c0 (_vgnU_ifunc_wrapper)
--433179-- REDIR: 0x49383b0 (libc.so.6:wcsnlen) redirected to 0x483d1c0 (_vgnU_ifunc_wrapper)
--433179-- REDIR: 0x491e290 (libc.so.6:memset) redirected to 0x483d1c0 (_vgnU_ifunc_wrapper)
--433179-- REDIR: 0x4937b20 (libc.so.6:wcslen) redirected to 0x483d1c0 (_vgnU_ifunc_wrapper)
--433179-- REDIR: 0x49a33c0 (libc.so.6:__memcpy_chk) redirected to 0x483d1c0 (_vgnU_ifunc_wrapper)
--433179-- REDIR: 0x491e200 (libc.so.6:memrchr) redirected to 0x483d1c0 (_vgnU_ifunc_wrapper)
--433179-- REDIR: 0x4938350 (libc.so.6:wcsncpy) redirected to 0x483d1c0 (_vgnU_ifunc_wrapper)
--433179-- REDIR: 0x491d720 (libc.so.6:memcpy@@GLIBC_2.14) redirected to 0x483d1c0 (_vgnU_ifunc_wrapper)
--433179-- REDIR: 0x49368e0 (libc.so.6:wcschr) redirected to 0x483d1c0 (_vgnU_ifunc_wrapper)
--433179-- REDIR: 0x491f090 (libc.so.6:index) redirected to 0x483d1c0 (_vgnU_ifunc_wrapper)
--433179-- REDIR: 0x4921110 (libc.so.6:rindex) redirected to 0x483d1c0 (_vgnU_ifunc_wrapper)
--433179-- REDIR: 0x4936990 (libc.so.6:wcscmp) redirected to 0x483d1c0 (_vgnU_ifunc_wrapper)
--433179-- REDIR: 0x491e4b0 (libc.so.6:stpncpy) redirected to 0x483d1c0 (_vgnU_ifunc_wrapper)
--433179-- REDIR: 0x4944eb0 (libc.so.6:wmemchr) redirected to 0x483d1c0 (_vgnU_ifunc_wrapper)
--433179-- REDIR: 0x4920ef0 (libc.so.6:strncmp) redirected to 0x483d1c0 (_vgnU_ifunc_wrapper)
--433179-- REDIR: 0x491e510 (libc.so.6:strcasecmp) redirected to 0x483d1c0 (_vgnU_ifunc_wrapper)
--433179-- REDIR: 0x4920310 (libc.so.6:strcspn) redirected to 0x483d1c0 (_vgnU_ifunc_wrapper)
--433179-- REDIR: 0x49378f0 (libc.so.6:wcscpy) redirected to 0x483d1c0 (_vgnU_ifunc_wrapper)
--433179-- REDIR: 0x491f020 (libc.so.6:strcat) redirected to 0x483d1c0 (_vgnU_ifunc_wrapper)
--433179-- REDIR: 0x4920df0 (libc.so.6:strncasecmp_l) redirected to 0x483d1c0 (_vgnU_ifunc_wrapper)
--433179-- REDIR: 0x491f110 (libc.so.6:strchrnul) redirected to 0x483d1c0 (_vgnU_ifunc_wrapper)
--433179-- REDIR: 0x491d630 (libc.so.6:bcmp) redirected to 0x483d1c0 (_vgnU_ifunc_wrapper)
--433179-- REDIR: 0x49202a0 (libc.so.6:strcpy) redirected to 0x483d1c0 (_vgnU_ifunc_wrapper)
--433179-- REDIR: 0x491e5b0 (libc.so.6:strcasecmp_l) redirected to 0x483d1c0 (_vgnU_ifunc_wrapper)
--433179-- REDIR: 0x4920cc0 (libc.so.6:strlen) redirected to 0x483d1c0 (_vgnU_ifunc_wrapper)
--433179-- REDIR: 0x4920f90 (libc.so.6:strncpy) redirected to 0x483d1c0 (_vgnU_ifunc_wrapper)
--433179-- REDIR: 0x4944f30 (libc.so.6:wmemcmp) redirected to 0x483d1c0 (_vgnU_ifunc_wrapper)
--433179-- REDIR: 0x49a34e0 (libc.so.6:__memmove_chk) redirected to 0x483d1c0 (_vgnU_ifunc_wrapper)
==433179== WARNING: new redirection conflicts with existing -- ignoring it
--433179--     old: 0x049f49d0 (__memcpy_chk_avx_una) R-> (2030.0) 0x0485b0f0 __memcpy_chk
--433179--     new: 0x049f49d0 (__memcpy_chk_avx_una) R-> (2024.0) 0x0485ad80 __memmove_chk
--433179-- REDIR: 0x491e440 (libc.so.6:stpcpy) redirected to 0x483d1c0 (_vgnU_ifunc_wrapper)
--433179-- REDIR: 0x491dfc0 (libc.so.6:memmove) redirected to 0x483d1c0 (_vgnU_ifunc_wrapper)
==433179== Preferring higher priority redirection:
--433179--     old: 0x049f4a00 (__memcpy_avx_unalign) R-> (2018.0) 0x048590b0 __memcpy_avx_unaligned_erms
--433179--     new: 0x049f4a00 (__memcpy_avx_unalign) R-> (2018.1) 0x0485a3a0 memmove
--433179-- REDIR: 0x491d5b0 (libc.so.6:memchr) redirected to 0x483d1c0 (_vgnU_ifunc_wrapper)
--433179-- REDIR: 0x49212e0 (libc.so.6:strspn) redirected to 0x483d1c0 (_vgnU_ifunc_wrapper)
--433179-- REDIR: 0x491e0e0 (libc.so.6:mempcpy) redirected to 0x483d1c0 (_vgnU_ifunc_wrapper)
--433179-- REDIR: 0x4920d50 (libc.so.6:strncasecmp) redirected to 0x483d1c0 (_vgnU_ifunc_wrapper)
--433179-- REDIR: 0x49f95f0 (libc.so.6:__strrchr_avx2) redirected to 0x4856f30 (rindex)
--433179-- REDIR: 0x4919650 (libc.so.6:malloc) redirected to 0x4848830 (malloc)
--433179-- REDIR: 0x490b710 (libc.so.6:pthread_mutex_init@@GLIBC_2.2.5) redirected to 0x48561c0 (pthread_mutex_init)
--433179-- REDIR: 0x4908bc0 (libc.so.6:pthread_create@@GLIBC_2.34) redirected to 0x4855f50 (pthread_create@*)
--433179-- REDIR: 0x491a7a0 (libc.so.6:calloc) redirected to 0x484f920 (calloc)
--433179-- REDIR: 0x490bff0 (libc.so.6:pthread_mutex_lock@@GLIBC_2.2.5) redirected to 0x4856390 (pthread_mutex_lock)
--433179-- REDIR: 0x490da70 (libc.so.6:pthread_mutex_unlock@@GLIBC_2.2.5) redirected to 0x48563d0 (pthread_mutex_unlock)
--433179-- REDIR: 0x49f6da0 (libc.so.6:__strchrnul_avx2) redirected to 0x485adf0 (strchrnul)
--433179-- REDIR: 0x49f4a00 (libc.so.6:__memcpy_avx_unaligned_erms) redirected to 0x485a3a0 (memmove)
--433179-- REDIR: 0x490a630 (libc.so.6:pthread_join@@GLIBC_2.34) redirected to 0x4855f60 (pthread_join)
--433179-- REDIR: 0x49f5400 (libc.so.6:__memset_avx2_unaligned_erms) redirected to 0x485a290 (memset)
--433179-- REDIR: 0x49f49c0 (libc.so.6:__mempcpy_avx_unaligned_erms) redirected to 0x485af10 (mempcpy)
--433179-- REDIR: 0x4919d30 (libc.so.6:free) redirected to 0x484b8a0 (free)
--433179-- REDIR: 0x490b6c0 (libc.so.6:pthread_mutex_destroy@@GLIBC_2.2.5) redirected to 0x4856380 (pthread_mutex_destroy)
==433179== 
==433179== ERROR SUMMARY: 0 errors from 0 contexts (suppressed: 3251 from 65)
--433179-- 
--433179-- used_suppression:   3251 helgrind-glibc2X-005 /usr/libexec/valgrind/default.supp:994
==433179== 
==433179== ERROR SUMMARY: 0 errors from 0 contexts (suppressed: 3251 from 65)
