srcs/operations.c: Error!
Error: BRACE_SHOULD_EOL     (line: 116, col:   1):	Expected newline after brace
srcs/utils.c: OK!
srcs/algorithm_helper.c: Error!
Error: BRACE_SHOULD_EOL     (line: 129, col:   1):	Expected newline after brace
srcs/utils_stack.c: Error!
Error: BRACE_SHOULD_EOL     (line: 114, col:   1):	Expected newline after brace
srcs/algorithm.c: Error!
Error: BRACE_SHOULD_EOL     (line: 137, col:   1):	Expected newline after brace
srcs/ft_split_mult.c: Error!
Error: BRACE_SHOULD_EOL     (line: 109, col:   1):	Expected newline after brace
srcs/error_handler.c: Error!
Error: BRACE_SHOULD_EOL     (line:  81, col:   1):	Expected newline after brace
srcs/push_swap.c: Error!
Error: BRACE_SHOULD_EOL     (line:  94, col:   1):	Expected newline after brace
libft/ft_substr.c: OK!
libft/ft_split.c: Error!
Error: SPC_BEFORE_NL        (line:  77, col:  26):	Space before newline
libft/ft_memcpy.c: OK!
libft/ft_lstdelone.c: OK!
libft/ft_lstlast.c: OK!
libft/ft_memcmp.c: OK!
libft/ft_lstsize.c: OK!
libft/ft_strchr.c: OK!
libft/ft_strtrim.c: OK!
libft/ft_isprint.c: OK!
libft/ft_appendC.c: Error!
Error: FORBIDDEN_CHAR_NAME  (line:  16, col:  10):	user defined identifiers should contain only lowercase characters, digits or '_'
libft/ft_lstmap.c: OK!
libft/ft_isdigit.c: OK!
libft/ft_memmove.c: OK!
libft/ft_strncmp.c: OK!
libft/ft_strjoin.c: Error!
Error: SPC_BEFORE_NL        (line:  23, col:  44):	Space before newline
libft/ft_putchar_fd.c: OK!
libft/ft_strlcpy.c: OK!
libft/ft_isalnum.c: OK!
libft/ft_lstadd_front.c: OK!
libft/ft_putnbr_fd.c: OK!
libft/ft_memchr.c: OK!
libft/ft_putendl_fd.c: OK!
libft/ft_toupper.c: OK!
libft/ft_strmapi.c: OK!
libft/ft_split_mult.c: Error!
Error: BRACE_SHOULD_EOL     (line: 109, col:   1):	Expected newline after brace
libft/ft_bzero.c: OK!
libft/ft_isascii.c: OK!
libft/ft_strdup.c: OK!
libft/ft_itoa.c: OK!
libft/ft_strlcat.c: OK!
libft/ft_tolower.c: OK!
libft/ft_strrchr.c: OK!
libft/ft_isalpha.c: OK!
libft/ft_atoi.c: OK!
libft/ft_striteri.c: OK!
libft/ft_lstadd_back.c: OK!
libft/ft_lstnew.c: OK!
libft/libft.h: Error!
Error: CONSECUTIVE_NEWLINES (line:  27, col:   1):	Consecutive newlines
Error: CONSECUTIVE_NEWLINES (line:  28, col:   1):	Consecutive newlines
Error: SPC_BEFORE_NL        (line:  35, col:  74):	Space before newline
Error: SPC_BEFORE_NL        (line:  58, col:  64):	Space before newline
libft/ft_putstr_fd.c: OK!
libft/ft_lstclear.c: OK!
libft/ft_lstiter.c: OK!
libft/ft_memset.c: OK!
libft/ft_strnstr.c: OK!
libft/ft_calloc.c: OK!
libft/ft_strlen.c: OK!
