Test case: 199 610 200 200 10
Expected: No death
Actual: Death
Iteration: 4
Timestamp: 2025-11-03 17:20:38
--------------------------------------------------
OUTPUT:
0      26 has taken a fork
0      26 has taken a fork
0      26 is eating
0      68 has taken a fork
0      68 has taken a fork
0      68 is eating
0      106 has taken a fork
0      106 has taken a fork
0      106 is eating
0      108 has taken a fork
0      108 has taken a fork
0      108 is eating
0      110 has taken a fork
0      110 has taken a fork
0      110 is eating
0      112 has taken a fork
0      112 has taken a fork
0      112 is eating
0      70 has taken a fork
0      70 has taken a fork
0      70 is eating
0      28 has taken a fork
0      28 has taken a fork
0      28 is eating
0      136 has taken a fork
0      136 has taken a fork
0      136 is eating
0      138 has taken a fork
0      138 has taken a fork
0      138 is eating
0      140 has taken a fork
0      140 has taken a fork
0      140 is eating
0      142 has taken a fork
0      142 has taken a fork
0      142 is eating
0      30 has taken a fork
0      30 has taken a fork
0      30 is eating
0      32 has taken a fork
0      32 has taken a fork
0      32 is eating
0      164 has taken a fork
0      164 has taken a fork
0      164 is eating
0      166 has taken a fork
0      166 has taken a fork
0      166 is eating
0      168 has taken a fork
0      168 has taken a fork
0      168 is eating
0      170 has taken a fork
0      170 has taken a fork
0      170 is eating
0      172 has taken a fork
0      172 has taken a fork
0      172 is eating
0      174 has taken a fork
0      174 has taken a fork
0      174 is eating
0      176 has taken a fork
0      176 has taken a fork
0      176 is eating
0      34 has taken a fork
0      34 has taken a fork
0      34 is eating
0      36 has taken a fork
0      36 has taken a fork
0      36 is eating
0      38 has taken a fork
0      38 has taken a fork
0      38 is eating
0      178 has taken a fork
0      178 has taken a fork
0      178 is eating
0      180 has taken a fork
0      180 has taken a fork
0      180 is eating
0      182 has taken a fork
0      182 has taken a fork
0      182 is eating
1      184 has taken a fork
1      184 has taken a fork
1      184 is eating
1      186 has taken a fork
1      186 has taken a fork
1      186 is eating
1      188 has taken a fork
1      188 has taken a fork
1      188 is eating
1      190 has taken a fork
1      190 has taken a fork
1      190 is eating
1      192 has taken a fork
1      192 has taken a fork
1      192 is eating
1      194 has taken a fork
1      194 has taken a fork
1      194 is eating
1      196 has taken a fork
1      196 has taken a fork
1      196 is eating
1      198 has taken a fork
1      198 has taken a fork
1      198 is eating
1      72 has taken a fork
1      72 has taken a fork
1      72 is eating
1      74 has taken a fork
1      74 has taken a fork
1      74 is eating
1      76 has taken a fork
1      76 has taken a fork
1      76 is eating
1      78 has taken a fork
1      78 has taken a fork
1      78 is eating
0      62 has taken a fork
1      62 has taken a fork
1      62 is eating
0      64 has taken a fork
1      64 has taken a fork
1      64 is eating
0      104 has taken a fork
1      104 has taken a fork
1      104 is eating
0      66 has taken a fork
1      66 has taken a fork
1      66 is eating
1      114 has taken a fork
1      114 has taken a fork
1      114 is eating
1      116 has taken a fork
1      116 has taken a fork
1      116 is eating
1      118 has taken a fork
1      118 has taken a fork
1      118 is eating
1      120 has taken a fork
1      120 has taken a fork
1      120 is eating
1      122 has taken a fork
1      122 has taken a fork
1      122 is eating
1      80 has taken a fork
1      80 has taken a fork
1      80 is eating
1      40 has taken a fork
1      40 has taken a fork
1      40 is eating
1      2 has taken a fork
1      2 has taken a fork
1      2 is eating
1      4 has taken a fork
1      4 has taken a fork
1      4 is eating
1      6 has taken a fork
1      6 has taken a fork
1      6 is eating
1      146 has taken a fork
1      146 has taken a fork
1      146 is eating
1      148 has taken a fork
1      148 has taken a fork
1      148 is eating
1      150 has taken a fork
1      150 has taken a fork
1      150 is eating
1      8 has taken a fork
1      8 has taken a fork
1      8 is eating
1      82 has taken a fork
1      82 has taken a fork
1      82 is eating
1      10 has taken a fork
1      10 has taken a fork
1      10 is eating
1      42 has taken a fork
1      42 has taken a fork
1      42 is eating
1      44 has taken a fork
1      44 has taken a fork
1      44 is eating
1      46 has taken a fork
1      46 has taken a fork
1      124 has taken a fork
1      124 has taken a fork
1      124 is eating
1      46 is eating
1      84 has taken a fork
1      84 has taken a fork
1      84 is eating
1      86 has taken a fork
1      86 has taken a fork
1      86 is eating
1      88 has taken a fork
1      88 has taken a fork
1      88 is eating
1      126 has taken a fork
1      126 has taken a fork
1      126 is eating
1      128 has taken a fork
1      128 has taken a fork
1      128 is eating
1      130 has taken a fork
1      130 has taken a fork
1      130 is eating
1      144 has taken a fork
1      144 has taken a fork
1      144 is eating
1      132 has taken a fork
1      132 has taken a fork
1      132 is eating
1      152 has taken a fork
1      152 has taken a fork
1      152 is eating
1      90 has taken a fork
1      90 has taken a fork
1      90 is eating
1      134 has taken a fork
1      134 has taken a fork
1      134 is eating
1      92 has taken a fork
1      92 has taken a fork
1      48 has taken a fork
1      48 has taken a fork
1      48 is eating
1      12 has taken a fork
1      12 has taken a fork
1      12 is eating
1      14 has taken a fork
1      14 has taken a fork
1      14 is eating
1      16 has taken a fork
1      16 has taken a fork
1      16 is eating
1      18 has taken a fork
1      18 has taken a fork
1      18 is eating
1      20 has taken a fork
1      20 has taken a fork
1      20 is eating
1      50 has taken a fork
1      50 has taken a fork
1      50 is eating
1      52 has taken a fork
1      52 has taken a fork
1      52 is eating
1      54 has taken a fork
1      54 has taken a fork
1      54 is eating
1      56 has taken a fork
1      56 has taken a fork
1      56 is eating
1      58 has taken a fork
1      58 has taken a fork
1      58 is eating
1      94 has taken a fork
1      94 has taken a fork
1      94 is eating
1      96 has taken a fork
1      96 has taken a fork
1      96 is eating
1      98 has taken a fork
1      98 has taken a fork
1      98 is eating
1      100 has taken a fork
1      100 has taken a fork
1      100 is eating
1      102 has taken a fork
1      102 has taken a fork
1      102 is eating
1      154 has taken a fork
1      154 has taken a fork
1      154 is eating
1      156 has taken a fork
1      156 has taken a fork
1      156 is eating
1      158 has taken a fork
1      158 has taken a fork
1      158 is eating
1      160 has taken a fork
1      160 has taken a fork
1      160 is eating
1      60 has taken a fork
1      60 has taken a fork
1      22 has taken a fork
1      22 has taken a fork
1      22 is eating
1      162 has taken a fork
1      162 has taken a fork
1      162 is eating
1      24 has taken a fork
1      24 has taken a fork
1      24 is eating
1      92 is eating
1      60 is eating
200    110 is sleeping
200    140 is sleeping
201    56 is sleeping
201    168 is sleeping
201    100 is sleeping
201    58 is sleeping
201    184 is sleeping
201    178 is sleeping
201    192 is sleeping
201    198 is sleeping
201    62 is sleeping
201    80 is sleeping
201    2 is sleeping
201    146 is sleeping
201    118 is sleeping
201    150 is sleeping
201    82 is sleeping
201    86 is sleeping
201    128 is sleeping
201    129 has taken a fork
201    90 is sleeping
201    151 has taken a fork
201    91 has taken a fork
201    134 is sleeping
201    54 is sleeping
201    14 is sleeping
201    16 is sleeping
201    18 is sleeping
201    101 has taken a fork
201    55 has taken a fork
201    55 has taken a fork
201    55 is eating
201    96 is sleeping
201    98 is sleeping
201    102 is sleeping
201    44 is sleeping
201    87 has taken a fork
201    88 is sleeping
201    87 has taken a fork
201    87 is eating
201    132 is sleeping
201    89 has taken a fork
201    89 has taken a fork
201    89 is eating
201    17 has taken a fork
201    17 has taken a fork
201    17 is eating
201    12 is sleeping
201    103 has taken a fork
201    63 has taken a fork
201    99 has taken a fork
201    99 has taken a fork
201    22 is sleeping
201    154 is sleeping
201    68 is sleeping
201    59 has taken a fork
201    156 is sleeping
201    108 is sleeping
201    109 has taken a fork
201    109 has taken a fork
201    109 is eating
201    23 has taken a fork
201    135 has taken a fork
201    111 has taken a fork
201    112 is sleeping
201    92 is sleeping
201    28 is sleeping
201    69 has taken a fork
201    113 has taken a fork
201    138 is sleeping
201    166 is sleeping
201    142 is sleeping
201    164 is sleeping
201    30 is sleeping
201    165 has taken a fork
201    165 has taken a fork
201    165 is eating
201    170 is sleeping
201    174 is sleeping
201    185 has taken a fork
201    182 is sleeping
201    190 is sleeping
201    186 is sleeping
201    26 is sleeping
201    29 has taken a fork
201    29 has taken a fork
201    29 is eating
201    175 has taken a fork
201    106 is sleeping
202    70 is sleeping
202    176 is sleeping
202    171 has taken a fork
202    179 has taken a fork
202    34 is sleeping
202    199 has taken a fork
202    199 has taken a fork
202    199 is eating
202    180 is sleeping
202    167 has taken a fork
202    167 has taken a fork
202    167 is eating
202    191 has taken a fork
202    191 has taken a fork
202    191 is eating
202    193 has taken a fork
202    196 is sleeping
202    120 is sleeping
202    36 is sleeping
202    72 is sleeping
202    197 has taken a fork
202    197 has taken a fork
202    197 is eating
202    104 is sleeping
202    74 is sleeping
202    77 has taken a fork
202    188 is sleeping
202    119 has taken a fork
202    119 has taken a fork
202    119 is eating
202    66 is sleeping
202    10 is sleeping
202    122 is sleeping
202    114 is sleeping
202    121 has taken a fork
202    121 has taken a fork
202    121 is eating
202    3 has taken a fork
202    4 is sleeping
202    81 has taken a fork
202    81 has taken a fork
202    81 is eating
202    40 is sleeping
202    64 is sleeping
202    8 is sleeping
202    6 is sleeping
202    147 has taken a fork
202    147 has taken a fork
202    147 is eating
202    45 has taken a fork
202    9 has taken a fork
202    9 has taken a fork
202    9 is eating
202    42 is sleeping
202    32 is sleeping
202    172 is sleeping
202    38 is sleeping
202    183 has taken a fork
202    183 has taken a fork
202    183 is eating
202    194 is sleeping
202    78 is sleeping
202    116 is sleeping
202    124 is sleeping
202    79 has taken a fork
202    79 has taken a fork
202    79 is eating
202    43 has taken a fork
202    43 has taken a fork
202    43 is eating
202    84 is sleeping
202    126 is sleeping
202    125 has taken a fork
202    125 has taken a fork
202    125 is eating
202    130 is sleeping
202    152 is sleeping
202    153 has taken a fork
202    153 has taken a fork
202    153 is eating
202    48 is sleeping
202    13 has taken a fork
202    13 has taken a fork
202    13 is eating
202    15 has taken a fork
202    15 has taken a fork
202    15 is eating
202    155 has taken a fork
202    155 has taken a fork
202    155 is eating
202    162 is sleeping
202    24 is sleeping
202    60 is sleeping
202    83 has taken a fork
202    83 has taken a fork
202    83 is eating
202    46 is sleeping
202    144 is sleeping
202    133 has taken a fork
202    133 has taken a fork
202    133 is eating
202    11 has taken a fork
202    11 has taken a fork
202    11 is eating
202    20 is sleeping
202    50 is sleeping
202    57 has taken a fork
202    57 has taken a fork
202    57 is eating
202    52 is sleeping
202    94 is sleeping
202    97 has taken a fork
202    97 has taken a fork
202    97 is eating
202    158 is sleeping
202    157 has taken a fork
202    157 has taken a fork
202    157 is eating
202    141 has taken a fork
202    141 has taken a fork
202    141 is eating
202    160 is sleeping
202    19 has taken a fork
202    19 has taken a fork
202    19 is eating
202    101 has taken a fork
202    101 is eating
201    99 is eating
202    111 has taken a fork
202    111 is eating
202    93 has taken a fork
202    93 has taken a fork
202    93 is eating
202    91 has taken a fork
202    91 is eating
202    139 has taken a fork
202    139 has taken a fork
202    139 is eating
202    143 has taken a fork
202    143 has taken a fork
202    143 is eating
202    31 has taken a fork
202    31 has taken a fork
202    31 is eating
201    169 has taken a fork
202    169 has taken a fork
202    169 is eating
202    187 has taken a fork
202    187 has taken a fork
202    187 is eating
202    185 has taken a fork
202    185 is eating
202    27 has taken a fork
202    27 has taken a fork
202    27 is eating
202    107 has taken a fork
202    107 has taken a fork
202    107 is eating
202    71 has taken a fork
202    71 has taken a fork
202    71 is eating
202    177 has taken a fork
202    177 has taken a fork
202    177 is eating
202    69 has taken a fork
202    69 is eating
202    175 has taken a fork
202    175 is eating
202    35 has taken a fork
202    35 has taken a fork
202    35 is eating
202    181 has taken a fork
202    181 has taken a fork
202    181 is eating
202    179 has taken a fork
202    179 is eating
202    37 has taken a fork
202    37 has taken a fork
202    37 is eating
202    105 has taken a fork
202    105 has taken a fork
202    105 is eating
202    103 has taken a fork
202    103 is eating
202    75 has taken a fork
202    75 has taken a fork
202    75 is eating
202    76 is sleeping
202    189 has taken a fork
202    189 has taken a fork
202    189 is eating
202    67 has taken a fork
202    67 has taken a fork
202    67 is eating
202    115 has taken a fork
202    115 has taken a fork
202    115 is eating
202    113 has taken a fork
202    113 is eating
202    5 has taken a fork
202    5 has taken a fork
202    5 is eating
202    3 has taken a fork
202    3 is eating
202    41 has taken a fork
202    41 has taken a fork
202    41 is eating
202    65 has taken a fork
202    65 has taken a fork
202    65 is eating
202    149 has taken a fork
202    149 has taken a fork
202    149 is eating
202    63 has taken a fork
202    63 is eating
202    148 is sleeping
202    7 has taken a fork
202    7 has taken a fork
202    7 is eating
202    137 has taken a fork
202    137 has taken a fork
202    137 is eating
203    33 has taken a fork
203    33 has taken a fork
203    33 is eating
203    135 has taken a fork
203    135 is eating
202    136 is sleeping
203    173 has taken a fork
203    173 has taken a fork
203    173 is eating
203    171 has taken a fork
203    171 is eating
203    39 has taken a fork
203    39 has taken a fork
203    39 is eating
203    195 has taken a fork
203    195 has taken a fork
203    195 is eating
203    193 has taken a fork
203    193 is eating
203    77 has taken a fork
203    77 is eating
203    117 has taken a fork
203    117 has taken a fork
203    117 is eating
203    85 has taken a fork
203    85 has taken a fork
203    85 is eating
203    127 has taken a fork
203    127 has taken a fork
203    127 is eating
203    131 has taken a fork
203    131 has taken a fork
203    131 is eating
203    129 has taken a fork
203    129 is eating
203    151 has taken a fork
203    151 is eating
203    49 has taken a fork
203    49 has taken a fork
203    49 is eating
203    163 has taken a fork
203    163 has taken a fork
203    163 is eating
203    25 has taken a fork
203    25 has taken a fork
203    25 is eating
203    23 has taken a fork
203    23 is eating
203    61 has taken a fork
203    61 has taken a fork
203    61 is eating
203    59 has taken a fork
203    59 is eating
203    47 has taken a fork
203    47 has taken a fork
203    161 has taken a fork
203    47 is eating
203    161 has taken a fork
203    161 is eating
202    123 has taken a fork
203    123 has taken a fork
203    123 is eating
202    73 has taken a fork
203    73 has taken a fork
203    73 is eating
203    45 has taken a fork
203    45 is eating
203    145 has taken a fork
203    145 has taken a fork
203    145 is eating
203    21 has taken a fork
203    21 has taken a fork
203    21 is eating
203    51 has taken a fork
203    51 has taken a fork
203    51 is eating
203    53 has taken a fork
203    53 has taken a fork
203    53 is eating
203    95 has taken a fork
203    95 has taken a fork
203    95 is eating
203    159 has taken a fork
203    159 has taken a fork
203    159 is eating
400    140 is thinking
401    22 is thinking
401    112 is thinking
401    166 is thinking
401    174 is thinking
401    118 is thinking
402    176 is thinking
402    14 is thinking
402    54 is thinking
402    55 is sleeping
402    72 is thinking
402    2 is thinking
402    82 is thinking
402    68 is thinking
402    121 is sleeping
402    108 is thinking
402    90 is thinking
402    86 is thinking
402    110 is thinking
402    16 is thinking
402    191 is sleeping
402    132 is thinking
403    145 is sleeping
403    21 is sleeping
403    87 is sleeping
403    188 is thinking
403    95 is sleeping
403    109 is sleeping
403    156 is thinking
403    40 is thinking
403    138 is thinking
403    170 is thinking
403    94 is thinking
403    19 is sleeping
403    102 is thinking
403    28 is thinking
403    165 is sleeping
403    12 is thinking
403    17 is sleeping
403    172 is thinking
403    106 is thinking
403    182 is thinking
403    104 is thinking
403    26 is thinking
403    160 is thinking
403    10 is thinking
403    139 is sleeping
403    70 is thinking
403    168 is thinking
403    185 is sleeping
403    56 is thinking
403    192 is thinking
403    164 is thinking
403    184 is thinking
403    30 is thinking
403    32 is thinking
403    150 is thinking
403    186 is thinking
403    198 is thinking
403    100 is thinking
403    126 is thinking
403    58 is thinking
403    18 is thinking
403    177 is sleeping
403    180 is thinking
403    196 is thinking
403    36 is thinking
403    120 is thinking
403    199 is sleeping
403    197 is sleeping
403    119 is sleeping
403    114 is thinking
403    178 is thinking
403    43 is sleeping
403    146 is thinking
403    34 is thinking
403    167 is sleeping
403    89 is sleeping
403    80 is thinking
403    62 is thinking
403    96 is thinking
403    155 is sleeping
403    88 is thinking
403    128 is thinking
403    29 is sleeping
403    134 is thinking
403    98 is thinking
403    92 is thinking
403    44 is thinking
403    142 is thinking
403    74 is thinking
403    122 is thinking
403    4 is thinking
403    127 is sleeping
403    3 is sleeping
403    154 is thinking
403    193 is sleeping
403    190 is thinking
403    66 is thinking
403    81 is sleeping
403    11 is sleeping
403    64 is thinking
403    8 is thinking
403    147 is sleeping
403    157 is sleeping
403    123 is sleeping
403    31 is sleeping
403    42 is thinking
403    6 is thinking
403    38 is thinking
403    78 is thinking
403    9 is sleeping
403    181 is sleeping
403    183 is sleeping
403    103 is sleeping
403    153 is sleeping
403    79 is sleeping
403    152 is thinking
403    130 is thinking
403    83 is sleeping
403    13 is sleeping
403    20 is thinking
403    52 is thinking
403    133 is sleeping
403    158 is thinking
403    57 is sleeping
403    149 is sleeping
403    97 is sleeping
403    15 is sleeping
403    24 is thinking
403    60 is thinking
403    49 is sleeping
403    194 is thinking
403    169 is sleeping
403    116 is thinking
403    144 is thinking
403    124 is thinking
403    125 is sleeping
403    84 is thinking
403    48 is thinking
403    162 is thinking
403    46 is thinking
403    141 is sleeping
403    101 is sleeping
404    69 is sleeping
404    76 is thinking
404    50 is thinking
404    175 is sleeping
404    99 is sleeping
404    111 is sleeping
404    189 is sleeping
404    93 is sleeping
404    143 is sleeping
404    91 is sleeping
404    107 is sleeping
404    71 is sleeping
404    187 is sleeping
404    27 is sleeping
404    37 is sleeping
404    105 is sleeping
404    75 is sleeping
404    113 is sleeping
404    41 is sleeping
404    59 is sleeping
404    137 is sleeping
404    65 is sleeping
404    7 is sleeping
404    171 is sleeping
404    39 is sleeping
404    117 is sleeping
404    131 is sleeping
404    129 is sleeping
404    35 is sleeping
404    136 is thinking
404    179 is sleeping
404    67 is sleeping
404    115 is sleeping
404    5 is sleeping
404    33 is sleeping
404    63 is sleeping
404    148 is thinking
404    77 is sleeping
404    135 is sleeping
404    85 is sleeping
404    173 is sleeping
404    195 is sleeping
404    163 is sleeping
404    61 is sleeping
404    25 is sleeping
404    23 is sleeping
404    151 is sleeping
404    73 is sleeping
404    47 is sleeping
404    51 is sleeping
404    53 is sleeping
404    161 is sleeping
404    45 is sleeping
404    159 is sleeping
404    1 has taken a fork
404    1 has taken a fork
404    1 is eating
600    140 has taken a fork
600    140 has taken a fork
600    140 is eating
601    22 has taken a fork
601    22 has taken a fork
601    22 is eating
601    112 has taken a fork
601    112 has taken a fork
601    112 is eating
601    166 has taken a fork
601    166 has taken a fork
601    166 is eating
601    118 has taken a fork
601    118 has taken a fork
601    118 is eating
602    14 has taken a fork
602    14 has taken a fork
602    14 is eating
602    54 has taken a fork
602    54 has taken a fork
602    54 is eating
602    55 is thinking
602    174 has taken a fork
602    174 has taken a fork
602    174 is eating
602    72 has taken a fork
602    72 has taken a fork
602    72 is eating
602    176 has taken a fork
602    176 has taken a fork
602    176 is eating
602    82 has taken a fork
602    82 has taken a fork
602    82 is eating
602    68 has taken a fork
602    68 has taken a fork
602    68 is eating
602    86 has taken a fork
602    86 has taken a fork
602    86 is eating
602    110 has taken a fork
602    110 has taken a fork
602    110 is eating
602    108 has taken a fork
602    108 has taken a fork
602    108 is eating
602    121 is thinking
602    16 has taken a fork
602    16 has taken a fork
602    16 is eating
602    90 has taken a fork
602    90 has taken a fork
602    90 is eating
602    191 is thinking
602    132 has taken a fork
602    132 has taken a fork
602    132 is eating
603    145 is thinking
603    185 is thinking
603    188 has taken a fork
603    188 has taken a fork
603    188 is eating
603    94 has taken a fork
603    94 has taken a fork
603    94 is eating
603    21 is thinking
603    10 has taken a fork
603    10 has taken a fork
603    10 is eating
603    192 has taken a fork
603    192 has taken a fork
603    192 is eating
603    32 has taken a fork
603    32 has taken a fork
603    32 is eating
603    156 has taken a fork
603    156 has taken a fork
603    156 is eating
603    40 has taken a fork
603    40 has taken a fork
603    40 is eating
603    126 has taken a fork
603    126 has taken a fork
603    126 is eating
603    58 has taken a fork
603    58 has taken a fork
603    58 is eating
603    165 is thinking
603    12 has taken a fork
603    12 has taken a fork
603    12 is eating
603    26 has taken a fork
603    26 has taken a fork
603    26 is eating
603    196 has taken a fork
603    196 has taken a fork
603    196 is eating
603    168 has taken a fork
603    168 has taken a fork
603    168 is eating
603    70 has taken a fork
603    70 has taken a fork
603    70 is eating
603    43 is thinking
603    89 is thinking
603    87 is thinking
603    30 has taken a fork
603    30 has taken a fork
603    30 is eating
603    95 is thinking
603    109 is thinking
603    198 has taken a fork
603    198 has taken a fork
603    198 is eating
603    177 is thinking
603    119 is thinking
603    170 has taken a fork
603    170 has taken a fork
603    170 is eating
603    138 has taken a fork
603    138 has taken a fork
603    138 is eating
603    120 has taken a fork
603    120 has taken a fork
603    120 is eating
603    3 is thinking
603    28 has taken a fork
603    28 has taken a fork
603    28 is eating
603    190 has taken a fork
603    190 has taken a fork
603    190 is eating
603    172 has taken a fork
603    172 has taken a fork
603    172 is eating
603    197 is thinking
603    64 has taken a fork
603    64 has taken a fork
603    64 is eating
603    106 has taken a fork
603    106 has taken a fork
603    106 is eating
603    42 has taken a fork
603    42 has taken a fork
603    42 is eating
603    6 has taken a fork
603    6 has taken a fork
603    6 is eating
603    114 has taken a fork
603    114 has taken a fork
603    114 is eating
603    38 has taken a fork
603    38 has taken a fork
603    38 is eating
603    17 is thinking
603    146 has taken a fork
603    146 has taken a fork
603    146 is eating
603    142 has taken a fork
603    142 has taken a fork
603    142 is eating
603    74 has taken a fork
603    74 has taken a fork
603    74 is eating
603    181 is thinking
603    139 is thinking
603    134 has taken a fork
603    134 has taken a fork
603    134 is eating
603    160 has taken a fork
603    160 has taken a fork
603    160 is eating
603    155 is thinking
603    11 is thinking
603    154 has taken a fork
603    154 has taken a fork
603    154 is eating
603    44 has taken a fork
603    44 has taken a fork
603    44 is eating
603    147 is thinking
603    133 is thinking
603    4 has taken a fork
603    4 has taken a fork
603    4 is eating
604    18 has taken a fork
604    18 has taken a fork
604    18 is eating
604    193 is thinking
604    66 has taken a fork
604    66 has taken a fork
604    66 is eating
604    123 is thinking
604    83 is thinking
604    20 has taken a fork
604    20 has taken a fork
604    20 is eating
604    130 has taken a fork
604    130 has taken a fork
604    130 is eating
604    102 has taken a fork
604    102 has taken a fork
604    102 is eating
604    19 is thinking
604    182 has taken a fork
604    182 has taken a fork
604    182 is eating
604    104 has taken a fork
604    104 has taken a fork
604    104 is eating
604    184 has taken a fork
604    184 has taken a fork
604    184 is eating
604    56 has taken a fork
604    56 has taken a fork
604    56 is eating
604    186 has taken a fork
604    186 has taken a fork
604    186 is eating
604    164 has taken a fork
604    164 has taken a fork
604    164 is eating
604    150 has taken a fork
604    150 has taken a fork
604    150 is eating
604    199 is thinking
604    8 has taken a fork
604    8 has taken a fork
604    8 is eating
604    80 has taken a fork
604    80 has taken a fork
604    80 is eating
604    178 has taken a fork
604    178 has taken a fork
604    178 is eating
604    167 is thinking
604    98 has taken a fork
604    98 has taken a fork
604    98 is eating
604    153 is thinking
604    97 is thinking
604    81 is thinking
604    88 has taken a fork
604    88 has taken a fork
604    88 is eating
604    31 is thinking
604    29 is thinking
604    149 is thinking
604    15 is thinking
604    116 has taken a fork
604    116 has taken a fork
604    116 is eating
604    84 has taken a fork
604    84 has taken a fork
604    84 is eating
604    175 is thinking
604    96 has taken a fork
604    96 has taken a fork
604    96 is eating
604    127 is thinking
604    24 has taken a fork
604    24 has taken a fork
604    24 is eating
604    49 is thinking
604    92 has taken a fork
604    92 has taken a fork
604    92 is eating
604    60 has taken a fork
604    60 has taken a fork
604    60 is eating
604    48 has taken a fork
604    48 has taken a fork
604    48 is eating
604    144 has taken a fork
604    144 has taken a fork
604    144 is eating
604    69 is thinking
604    50 has taken a fork
604    50 has taken a fork
604    50 is eating
604    78 has taken a fork
604    78 has taken a fork
604    78 is eating
604    157 is thinking
604    103 is thinking
604    75 is thinking
604    52 has taken a fork
604    52 has taken a fork
604    52 is eating
604    67 is thinking
604    61 is thinking
604    25 is thinking
604    141 is thinking
604    101 is thinking
604    189 is thinking
604    93 is thinking
604    71 is thinking
604    37 is thinking
604    148 has taken a fork
604    148 has taken a fork
604    148 is eating
604    47 is thinking
604    53 is thinking
604    85 is thinking
604    173 is thinking
604    180 has taken a fork
604    91 is thinking
604    180 has taken a fork
604    180 is eating
604    100 has taken a fork
604    100 has taken a fork
604    124 has taken a fork
604    124 has taken a fork
604    124 is eating
604    100 is eating
604    36 has taken a fork
604    36 has taken a fork
604    36 is eating
604    105 is thinking
604    129 is thinking
604    34 has taken a fork
604    34 has taken a fork
604    34 is eating
604    171 is thinking
604    131 is thinking
604    128 has taken a fork
604    128 has taken a fork
604    128 is eating
604    135 is thinking
604    62 has taken a fork
604    62 has taken a fork
604    62 is eating
604    143 is thinking
604    115 is thinking
604    107 is thinking
604    51 is thinking
604    113 is thinking
604    41 is thinking
604    59 is thinking
604    122 has taken a fork
604    7 is thinking
604    122 has taken a fork
604    122 is eating
604    35 is thinking
604    183 is thinking
604    179 is thinking
604    9 is thinking
604    63 is thinking
604    152 has taken a fork
604    152 has taken a fork
604    152 is eating
604    79 is thinking
604    158 has taken a fork
604    158 has taken a fork
604    158 is eating
604    13 is thinking
604    194 has taken a fork
604    194 has taken a fork
604    194 is eating
604    169 is thinking
604    46 has taken a fork
604    46 has taken a fork
604    46 is eating
604    125 is thinking
604    162 has taken a fork
604    162 has taken a fork
604    162 is eating
604    99 is thinking
604    76 has taken a fork
604    76 has taken a fork
604    111 is thinking
604    76 is eating
604    187 is thinking
604    137 is thinking
604    65 is thinking
604    39 is thinking
604    33 is thinking
604    136 has taken a fork
604    136 has taken a fork
604    136 is eating
604    161 is thinking
604    195 is thinking
604    151 is thinking
604    163 is thinking
604    159 is thinking
604    27 is thinking
604    117 is thinking
604    23 is thinking
604    1 is sleeping
604    5 is thinking
604    45 is thinking
604    73 is thinking
604    77 is thinking
604    57 is thinking
604    2 has taken a fork
604    2 has taken a fork
604    2 is eating
801    22 is sleeping
801    112 is sleeping
802    118 is sleeping
802    140 is sleeping
802    68 is sleeping
802    110 is sleeping
802    16 is sleeping
802    54 is sleeping
802    72 is sleeping
802    176 is sleeping
802    166 is sleeping
802    14 is sleeping
802    174 is sleeping
802    82 is sleeping
802    132 is sleeping
802    86 is sleeping
802    108 is sleeping
802    90 is sleeping
803    55 has taken a fork
803    58 is sleeping
803    188 is sleeping
803    87 has taken a fork
803    94 is sleeping
803    119 has taken a fork
803    10 is sleeping
803    192 is sleeping
803    114 is sleeping
803    120 is sleeping
803    156 is sleeping
803    126 is sleeping
803    40 is sleeping
803    12 is sleeping
803    26 is sleeping
803    30 is sleeping
803    168 is sleeping
803    109 has taken a fork
803    109 has taken a fork
803    109 is eating
803    196 is sleeping
803    44 is sleeping
803    138 is sleeping
803    70 is sleeping
803    142 is sleeping
803    134 is sleeping
803    198 is sleeping
803    177 has taken a fork
803    170 is sleeping
803    28 is sleeping
803    172 is sleeping
803    64 is sleeping
803    38 is sleeping
803    146 is sleeping
803    74 is sleeping
803    139 has taken a fork
803    139 has taken a fork
803    139 is eating
803    133 has taken a fork
803    133 has taken a fork
803    133 is eating
804    18 is sleeping
804    102 is sleeping
804    17 has taken a fork
804    160 is sleeping
804    17 has taken a fork
804    17 is eating
804    154 is sleeping
804    66 is sleeping
804    178 is sleeping
804    130 is sleeping
804    104 is sleeping
804    147 has taken a fork
804    4 is sleeping
804    193 has taken a fork
804    20 is sleeping
804    164 is sleeping
804    150 is sleeping
804    19 has taken a fork
804    19 has taken a fork
804    19 is eating
804    199 has taken a fork
804    199 has taken a fork
804    199 is eating
804    184 is sleeping
804    96 is sleeping
804    56 is sleeping
804    186 is sleeping
804    8 is sleeping
804    80 is sleeping
804    81 has taken a fork
804    81 has taken a fork
804    81 is eating
804    167 has taken a fork
804    167 has taken a fork
804    167 is eating
804    98 is sleeping
804    15 has taken a fork
804    15 has taken a fork
804    15 is eating
804    182 is sleeping
804    88 is sleeping
804    69 has taken a fork
804    69 has taken a fork
804    69 is eating
804    97 has taken a fork
804    97 has taken a fork
804    97 is eating
804    52 is sleeping
804    92 is sleeping
804    48 is sleeping
804    60 is sleeping
804    78 is sleeping
804    127 has taken a fork
804    148 is sleeping
804    75 has taken a fork
804    189 has taken a fork
804    189 has taken a fork
804    189 is eating
804    61 has taken a fork
804    93 has taken a fork
804    93 has taken a fork
804    93 is eating
804    173 has taken a fork
804    173 has taken a fork
804    173 is eating
804    180 is sleeping
804    124 is sleeping
804    105 has taken a fork
804    105 has taken a fork
804    105 is eating
804    152 is sleeping
804    99 has taken a fork
804    65 has taken a fork
804    65 has taken a fork
804    65 is eating
804    131 has taken a fork
804    131 has taken a fork
804    131 is eating
804    115 has taken a fork
804    29 has taken a fork
804    29 has taken a fork
804    29 is eating
804    149 has taken a fork
804    149 has taken a fork
804    149 is eating
804    116 is sleeping
804    84 is sleeping
804    100 is sleeping
804    144 is sleeping
804    175 has taken a fork
804    175 has taken a fork
804    175 is eating
804    135 has taken a fork
804    50 is sleeping
804    24 is sleeping
804    103 has taken a fork
804    103 has taken a fork
804    103 is eating
804    41 has taken a fork
804    41 has taken a fork
804    41 is eating
804    157 has taken a fork
804    67 has taken a fork
804    67 has taken a fork
804    67 is eating
804    25 has taken a fork
804    25 has taken a fork
804    25 is eating
804    141 has taken a fork
804    141 has taken a fork
804    141 is eating
804    71 has taken a fork
804    71 has taken a fork
804    71 is eating
804    53 has taken a fork
804    53 has taken a fork
804    53 is eating
804    91 has taken a fork
804    91 has taken a fork
804    91 is eating
804    36 is sleeping
804    34 is sleeping
804    171 has taken a fork
804    171 has taken a fork
804    171 is eating
804    143 has taken a fork
804    128 is sleeping
804    143 has taken a fork
804    143 is eating
804    51 has taken a fork
804    51 has taken a fork
804    51 is eating
804    7 has taken a fork
804    7 has taken a fork
804    7 is eating
804    79 has taken a fork
804    79 has taken a fork
804    79 is eating
804    13 has taken a fork
804    13 has taken a fork
804    13 is eating
804    46 is sleeping
804    111 has taken a fork
804    111 has taken a fork
804    111 is eating
804    76 is sleeping
804    62 is sleeping
804    107 has taken a fork
804    107 has taken a fork
804    107 is eating
804    183 has taken a fork
804    183 has taken a fork
804    183 is eating
804    59 has taken a fork
804    59 has taken a fork
804    59 is eating
804    39 has taken a fork
804    39 has taken a fork
804    77 has taken a fork
804    77 has taken a fork
804    39 is eating
804    179 has taken a fork
804    179 has taken a fork
804    179 is eating
804    23 has taken a fork
804    23 has taken a fork
804    23 is eating
804    9 has taken a fork
804    9 has taken a fork
804    9 is eating
804    158 is sleeping
804    169 has taken a fork
804    169 has taken a fork
804    169 is eating
804    194 is sleeping
804    187 has taken a fork
804    187 has taken a fork
804    187 is eating
804    161 has taken a fork
804    125 has taken a fork
804    125 has taken a fork
804    125 is eating
804    162 is sleeping
804    151 has taken a fork
804    151 has taken a fork
804    151 is eating
804    117 has taken a fork
804    117 has taken a fork
804    117 is eating
804    195 has taken a fork
804    195 has taken a fork
804    195 is eating
804    5 has taken a fork
804    5 has taken a fork
804    5 is eating
804    1 is thinking
804    27 has taken a fork
804    27 has taken a fork
804    27 is eating
804    2 is sleeping
804    45 has taken a fork
804    45 has taken a fork
804    45 is eating
804    57 has taken a fork
804    57 has taken a fork
804    57 is eating
804    95 has taken a fork
804    95 has taken a fork
804    33 has taken a fork
804    33 has taken a fork
804    33 is eating
804    163 has taken a fork
804    163 has taken a fork
804    163 is eating
804    136 is sleeping
804    73 has taken a fork
804    73 has taken a fork
804    73 is eating
803    32 is sleeping
804    121 has taken a fork
804    121 has taken a fork
804    121 is eating
804    119 has taken a fork
804    119 is eating
804    197 has taken a fork
804    197 has taken a fork
804    191 has taken a fork
804    191 has taken a fork
804    191 is eating
804    197 is eating
804    43 has taken a fork
804    43 has taken a fork
804    43 is eating
804    11 has taken a fork
804    11 has taken a fork
804    11 is eating
804    190 is sleeping
804    83 has taken a fork
804    83 has taken a fork
804    83 is eating
804    106 is sleeping
804    42 is sleeping
804    6 is sleeping
804    155 has taken a fork
804    155 has taken a fork
804    155 is eating
804    177 has taken a fork
804    177 is eating
804    21 has taken a fork
804    21 has taken a fork
804    21 is eating
804    165 has taken a fork
804    165 has taken a fork
804    165 is eating
804    185 has taken a fork
804    185 has taken a fork
804    185 is eating
804    55 has taken a fork
804    55 is eating
804    89 has taken a fork
804    89 has taken a fork
804    89 is eating
804    87 has taken a fork
804    87 is eating
804    31 has taken a fork
804    31 has taken a fork
804    31 is eating
804    49 has taken a fork
804    49 has taken a fork
804    49 is eating
804    147 has taken a fork
804    147 is eating
804    181 has taken a fork
804    181 has taken a fork
804    181 is eating
804    153 has taken a fork
804    153 has taken a fork
804    153 is eating
805    115 has taken a fork
805    115 is eating
805    85 has taken a fork
805    85 has taken a fork
805    85 is eating
805    101 has taken a fork
805    101 has taken a fork
805    101 is eating
805    99 has taken a fork
805    99 is eating
805    145 has taken a fork
805    145 has taken a fork
805    145 is eating
805    37 has taken a fork
805    37 has taken a fork
805    37 is eating
805    129 has taken a fork
805    129 has taken a fork
805    129 is eating
805    127 has taken a fork
805    127 is eating
805    123 has taken a fork
805    123 has taken a fork
805    123 is eating
804    122 is sleeping
805    47 has taken a fork
805    47 has taken a fork
805    47 is eating
805    75 has taken a fork
805    75 is eating
805    61 has taken a fork
805    61 is eating
804    77 is eating
804    113 has taken a fork
805    113 has taken a fork
805    113 is eating
804    63 has taken a fork
805    63 has taken a fork
805    63 is eating
804    35 has taken a fork
805    35 has taken a fork
805    35 is eating
805    159 has taken a fork
805    159 has taken a fork
805    159 is eating
805    157 has taken a fork
805    157 is eating
805    193 has taken a fork
805    193 is eating
805    161 has taken a fork
805    161 is eating
805    3 has taken a fork
805    3 has taken a fork
805    3 is eating
804    95 is eating
805    137 has taken a fork
805    137 has taken a fork
805    137 is eating
805    135 has taken a fork
805    135 is eating
1001   22 is thinking
1002   176 is thinking
1002   82 is thinking
1002   112 is thinking
1002   68 is thinking
1002   16 is thinking
1002   72 is thinking
1002   14 is thinking
1002   132 is thinking
1002   90 is thinking
1002   86 is thinking
1002   110 is thinking
1002   54 is thinking
1002   118 is thinking
1002   140 is thinking
1002   166 is thinking
1002   174 is thinking
1002   108 is thinking
1003   58 is thinking
1003   188 is thinking
1003   94 is thinking
1003   10 is thinking
1003   192 is thinking
1003   114 is thinking
1003   120 is thinking
1003   156 is thinking
1003   12 is thinking
1003   26 is thinking
1003   126 is thinking
1003   40 is thinking
1003   44 is thinking
1003   138 is thinking
1003   30 is thinking
1003   168 is thinking
1003   142 is thinking
1003   109 is sleeping
1003   196 is thinking
1003   70 is thinking
1003   134 is thinking
1003   198 is thinking
1003   28 is thinking
1003   170 is thinking
1003   64 is thinking
1003   146 is thinking
1003   172 is thinking
1003   38 is thinking
1003   139 is sleeping
1003   74 is thinking
1003   133 is sleeping
1004   102 is thinking
1004   18 is thinking
1004   130 is thinking
1004   150 is thinking
1004   154 is thinking
1004   199 is sleeping
1004   80 is thinking
1004   98 is thinking
1004   17 is sleeping
1004   160 is thinking
1004   66 is thinking
1004   104 is thinking
1004   48 is thinking
1004   20 is thinking
1004   148 is thinking
1004   178 is thinking
1004   93 is sleeping
1004   8 is thinking
1004   184 is thinking
1004   186 is thinking
1004   56 is thinking
1004   4 is thinking
1004   15 is sleeping
1004   164 is thinking
1004   182 is thinking
1004   88 is thinking
1004   19 is sleeping
1004   69 is sleeping
1004   96 is thinking
1004   180 is thinking
1004   81 is sleeping
1004   105 is sleeping
1004   167 is sleeping
1004   189 is sleeping
1004   97 is sleeping
1004   52 is thinking
1004   173 is sleeping
1004   92 is thinking
1004   124 is thinking
1004   60 is thinking
1004   78 is thinking
1004   152 is thinking
1004   175 is sleeping
1004   149 is sleeping
1004   24 is thinking
1004   84 is thinking
1004   100 is thinking
1004   41 is sleeping
1004   144 is thinking
1004   65 is sleeping
1004   50 is thinking
1004   116 is thinking
1004   141 is sleeping
1004   131 is sleeping
1004   53 is sleeping
1004   34 is thinking
1004   67 is sleeping
1004   91 is sleeping
1004   171 is sleeping
1004   29 is sleeping
1004   51 is sleeping
1004   79 is sleeping
1004   46 is thinking
1004   76 is thinking
1004   183 is sleeping
1004   59 is sleeping
1004   7 is sleeping
1004   103 is sleeping
1004   13 is sleeping
1004   39 is sleeping
1004   62 is thinking
1004   25 is sleeping
1004   179 is sleeping
1004   71 is sleeping
1004   9 is sleeping
1004   194 is thinking
1004   36 is thinking
1004   187 is sleeping
1004   125 is sleeping
1004   162 is thinking
1004   151 is sleeping
1004   117 is sleeping
1004   128 is thinking
1004   195 is sleeping
1004   143 is sleeping
1004   158 is thinking
1004   45 is sleeping
1004   111 is sleeping
1004   73 is sleeping
1004   169 is sleeping
1004   119 is sleeping
1004   107 is sleeping
1004   43 is sleeping
1004   23 is sleeping
1004   5 is sleeping
1004   190 is thinking
1004   27 is sleeping
1004   2 is thinking
1004   57 is sleeping
1004   32 is thinking
1004   33 is sleeping
1004   55 is sleeping
1004   1 has taken a fork
1004   1 has taken a fork
1004   1 is eating
1004   42 is thinking
1004   197 is sleeping
1004   191 is sleeping
1004   165 is sleeping
1004   83 is sleeping
1004   136 is thinking
1004   163 is sleeping
1004   177 is sleeping
1005   89 is sleeping
1005   121 is sleeping
1005   155 is sleeping
1005   49 is sleeping
1005   99 is sleeping
1005   147 is sleeping
1005   11 is sleeping
1005   106 is thinking
1005   127 is sleeping
1005   185 is sleeping
1005   6 is thinking
1005   87 is sleeping
1005   85 is sleeping
1005   101 is sleeping
1005   31 is sleeping
1005   75 is sleeping
1005   37 is sleeping
1005   21 is sleeping
1005   113 is sleeping
1005   153 is sleeping
1005   63 is sleeping
1005   145 is sleeping
1005   159 is sleeping
1005   181 is sleeping
1005   129 is sleeping
1005   115 is sleeping
1005   95 is sleeping
1005   137 is sleeping
1005   47 is sleeping
1005   123 is sleeping
1005   122 is thinking
1005   157 is sleeping
1005   61 is sleeping
1005   193 is sleeping
1005   161 is sleeping
1005   77 is sleeping
1005   35 is sleeping
1005   135 is sleeping
1005   3 is sleeping
1201   22 has taken a fork
1201   22 has taken a fork
1201   22 is eating
1202   54 has taken a fork
1202   54 has taken a fork
1202   54 is eating
1202   108 has taken a fork
1202   108 has taken a fork
1202   108 is eating
1202   176 has taken a fork
1202   176 has taken a fork
1202   176 is eating
1202   132 has taken a fork
1202   132 has taken a fork
1202   132 is eating
1203   140 has taken a fork
1203   140 has taken a fork
1203   140 is eating
1203   112 has taken a fork
1203   112 has taken a fork
1203   112 is eating
1203   82 has taken a fork
1203   82 has taken a fork
1203   82 is eating
1203   16 has taken a fork
1203   16 has taken a fork
1203   16 is eating
1203   68 has taken a fork
1203   68 has taken a fork
1203   68 is eating
1203   14 has taken a fork
1203   14 has taken a fork
1203   14 is eating
1203   72 has taken a fork
1203   72 has taken a fork
1203   72 is eating
1203   90 has taken a fork
1203   90 has taken a fork
1203   90 is eating
1203   126 has taken a fork
1203   126 has taken a fork
1203   126 is eating
1203   138 has taken a fork
1203   138 has taken a fork
1203   138 is eating
1203   142 has taken a fork
1203   142 has taken a fork
1203   142 is eating
1203   196 has taken a fork
1203   196 has taken a fork
1203   196 is eating
1203   172 has taken a fork
1203   172 has taken a fork
1203   172 is eating
1203   139 is thinking
1203   58 has taken a fork
1203   58 has taken a fork
1203   58 is eating
1204   79 is thinking
1204   34 has taken a fork
1204   34 has taken a fork
1204   34 is eating
1204   86 has taken a fork
1204   86 has taken a fork
1204   86 is eating
1204   110 has taken a fork
1204   110 has taken a fork
1204   110 is eating
1204   118 has taken a fork
1204   118 has taken a fork
1204   118 is eating
1204   166 has taken a fork
1204   166 has taken a fork
1204   166 is eating
1204   174 has taken a fork
1204   25 is thinking
1204   45 is thinking
1204   43 is thinking
1204   116 has taken a fork
1204   116 has taken a fork
1204   116 is eating
1204   131 is thinking
1204   1 is sleeping
1205   121 is thinking
1205   106 has taken a fork
1205   106 has taken a fork
1205   106 is eating
1205   87 is thinking
1205   115 is thinking
1205   35 is thinking
1205   3 is thinking
1205   94 has taken a fork
1205   94 has taken a fork
1205   94 is eating
1205   10 has taken a fork
1205   10 has taken a fork
1205   10 is eating
1205   40 has taken a fork
1205   40 has taken a fork
1205   40 is eating
1205   44 has taken a fork
1205   44 has taken a fork
1205   44 is eating
1205   70 has taken a fork
1205   70 has taken a fork
1205   70 is eating
1205   198 has taken a fork
1205   198 has taken a fork
1205   198 is eating
1205   23 is thinking
1205   38 has taken a fork
1205   38 has taken a fork
1205   96 has taken a fork
1205   96 has taken a fork
1205   96 is eating
1205   38 is eating
1205   81 is thinking
1205   49 is thinking
1205   63 is thinking
1205   188 has taken a fork
1205   188 has taken a fork
1205   188 is eating
1205   102 has taken a fork
1205   102 has taken a fork
1205   102 is eating
1205   59 is thinking
1205   192 has taken a fork
1205   192 has taken a fork
1205   192 is eating
1205   114 has taken a fork
1205   114 has taken a fork
1205   114 is eating
1205   120 has taken a fork
1205   120 has taken a fork
1205   120 is eating
1205   156 has taken a fork
1205   156 has taken a fork
1205   156 is eating
1205   12 has taken a fork
1205   12 has taken a fork
1205   12 is eating
1205   134 has taken a fork
1205   134 has taken a fork
1205   15 is thinking
1205   134 is eating
1205   101 is thinking
1205   130 has taken a fork
1205   130 has taken a fork
1205   130 is eating
1205   181 is thinking
1205   26 has taken a fork
1205   26 has taken a fork
1205   26 is eating
1205   30 has taken a fork
1205   30 has taken a fork
1205   30 is eating
1206   168 has taken a fork
1206   168 has taken a fork
1206   168 is eating
1206   109 is thinking
1206   133 is thinking
1206   18 has taken a fork
1206   18 has taken a fork
1206   18 is eating
1206   150 has taken a fork
1206   150 has taken a fork
1206   150 is eating
1206   199 is thinking
1206   98 has taken a fork
1206   98 has taken a fork
1206   98 is eating
1206   160 has taken a fork
1206   160 has taken a fork
1206   160 is eating
1206   66 has taken a fork
1206   66 has taken a fork
1206   66 is eating
1206   104 has taken a fork
1206   104 has taken a fork
1206   104 is eating
1206   20 has taken a fork
1206   20 has taken a fork
1206   20 is eating
1206   148 has taken a fork
1206   148 has taken a fork
1206   148 is eating
1206   178 has taken a fork
1206   178 has taken a fork
1206   178 is eating
1206   184 has taken a fork
1206   184 has taken a fork
1206   184 is eating
1206   56 has taken a fork
1206   56 has taken a fork
1206   56 is eating
1206   19 is thinking
1206   8 has taken a fork
1206   8 has taken a fork
1206   8 is eating
1206   182 has taken a fork
1206   182 has taken a fork
1206   182 is eating
1206   167 is thinking
1206   164 has taken a fork
1206   164 has taken a fork
1206   164 is eating
1206   97 is thinking
1206   88 has taken a fork
1206   88 has taken a fork
1206   88 is eating
1206   180 has taken a fork
1206   180 has taken a fork
1206   180 is eating
1206   105 is thinking
1206   173 is thinking
1206   52 has taken a fork
1206   52 has taken a fork
1206   52 is eating
1206   124 has taken a fork
1206   124 has taken a fork
1206   124 is eating
1206   78 has taken a fork
1206   78 has taken a fork
1206   78 is eating
1206   154 has taken a fork
1206   154 has taken a fork
1206   154 is eating
1206   149 is thinking
1206   65 is thinking
1206   171 is thinking
1206   29 is thinking
1206   51 is thinking
1206   76 has taken a fork
1206   76 has taken a fork
1206   76 is eating
1206   13 is thinking
1206   36 has taken a fork
1206   36 has taken a fork
1206   36 is eating
1206   80 has taken a fork
1206   80 has taken a fork
1206   80 is eating
1206   175 is thinking
1206   84 has taken a fork
1206   84 has taken a fork
1206   84 is eating
1206   50 has taken a fork
1206   50 has taken a fork
1206   50 is eating
1206   41 is thinking
1206   186 has taken a fork
1206   186 has taken a fork
1206   186 is eating
1206   53 is thinking
1206   91 is thinking
1206   92 has taken a fork
1206   92 has taken a fork
1206   4 has taken a fork
1206   4 has taken a fork
1206   4 is eating
1206   48 has taken a fork
1206   48 has taken a fork
1206   48 is eating
1206   189 is thinking
1206   152 has taken a fork
1206   152 has taken a fork
1206   152 is eating
1206   7 is thinking
1206   179 is thinking
1206   71 is thinking
1206   144 has taken a fork
1206   144 has taken a fork
1206   144 is eating
1206   141 is thinking
1206   9 is thinking
1206   187 is thinking
1206   195 is thinking
1206   143 is thinking
1206   57 is thinking
1206   197 is thinking
1206   165 is thinking
1206   83 is thinking
1206   127 is thinking
1206   185 is thinking
1206   100 has taken a fork
1206   100 has taken a fork
1206   100 is eating
1206   17 is thinking
1206   93 is thinking
1206   69 is thinking
1206   37 is thinking
1206   113 is thinking
1206   153 is thinking
1206   95 is thinking
1206   122 has taken a fork
1206   122 has taken a fork
1206   122 is eating
1206   123 is thinking
1206   157 is thinking
1206   77 is thinking
1206   60 has taken a fork
1206   60 has taken a fork
1206   60 is eating
1206   67 is thinking
1206   103 is thinking
1206   46 has taken a fork
1206   46 has taken a fork
1206   46 is eating
1206   62 has taken a fork
1206   62 has taken a fork
1206   62 is eating
1206   39 is thinking
1206   24 has taken a fork
1206   24 has taken a fork
1206   194 has taken a fork
1206   194 has taken a fork
1206   194 is eating
1206   24 is eating
1206   125 is thinking
1206   111 is thinking
1206   162 has taken a fork
1206   162 has taken a fork
1206   162 is eating
1206   158 has taken a fork
1206   158 has taken a fork
1206   158 is eating
1206   151 is thinking
1206   190 has taken a fork
1206   190 has taken a fork
1206   190 is eating
1206   128 has taken a fork
1206   128 has taken a fork
1206   128 is eating
1206   73 is thinking
1206   163 is thinking
1206   119 is thinking
1206   89 is thinking
1206   31 is thinking
1206   5 is thinking
1206   32 has taken a fork
1206   32 has taken a fork
1206   135 is thinking
1206   32 is eating
1207   107 is thinking
1207   147 is thinking
1207   42 has taken a fork
1207   42 has taken a fork
1207   42 is eating
1207   75 is thinking
1207   33 is thinking
1207   129 is thinking
1207   55 is thinking
1207   169 is thinking
1207   191 is thinking
1207   155 is thinking
1207   177 is thinking
1207   21 is thinking
1207   85 is thinking
1207   145 is thinking
1207   159 is thinking
1207   61 is thinking
1207   137 is thinking
1207   47 is thinking
1207   136 has taken a fork
1207   136 has taken a fork
1207   136 is eating
1207   99 is thinking
1207   11 is thinking
1207   6 has taken a fork
1207   6 has taken a fork
1207   6 is eating
1207   161 is thinking
1204   174 has taken a fork
1207   174 is eating
1207   2 has taken a fork
1207   2 has taken a fork
1207   2 is eating
1205   117 is thinking
1205   28 has taken a fork
1207   28 has taken a fork
1207   28 is eating
1205   64 has taken a fork
1207   64 has taken a fork
1207   64 is eating
1205   170 has taken a fork
1207   170 has taken a fork
1207   170 is eating
1205   146 has taken a fork
1207   146 has taken a fork
1207   146 is eating
1205   74 has taken a fork
1207   74 has taken a fork
1207   74 is eating
1205   27 is thinking
1205   193 is thinking
1206   92 is eating
1206   183 is thinking
1401   22 is sleeping
1402   54 is sleeping
1402   176 is sleeping
1402   132 is sleeping
1403   140 is sleeping
1403   82 is sleeping
1403   108 is sleeping
1403   112 is sleeping
1403   68 is sleeping
1403   14 is sleeping
1403   90 is sleeping
1403   16 is sleeping
1403   72 is sleeping
1403   126 is sleeping
1403   142 is sleeping
1403   196 is sleeping
1403   172 is sleeping
1404   34 is sleeping
1404   166 is sleeping
1404   116 is sleeping
1404   1 is thinking
1404   58 is sleeping
1404   138 is sleeping
1405   40 is sleeping
1405   86 is sleeping
1405   118 is sleeping
1405   110 is sleeping
1405   120 is sleeping
1405   106 is sleeping
1405   87 has taken a fork
1405   35 has taken a fork
1405   94 is sleeping
1405   70 is sleeping
1405   44 is sleeping
1405   188 is sleeping
1405   102 is sleeping
1405   59 has taken a fork
1405   192 is sleeping
1405   134 is sleeping
1405   114 is sleeping
1405   130 is sleeping
1405   10 is sleeping
1405   23 has taken a fork
1405   198 is sleeping
1405   96 is sleeping
1405   38 is sleeping
1405   156 is sleeping
1405   12 is sleeping
1405   30 is sleeping
1405   15 has taken a fork
1405   15 has taken a fork
1405   15 is eating
1405   26 is sleeping
1406   168 is sleeping
1406   160 is sleeping
1406   139 has taken a fork
1406   139 has taken a fork
1406   139 is eating
1406   150 is sleeping
1406   104 is sleeping
1406   8 is sleeping
1406   121 has taken a fork
1406   45 has taken a fork
1406   115 has taken a fork
1406   115 has taken a fork
1406   115 is eating
1406   131 has taken a fork
1406   131 has taken a fork
1406   131 is eating
1406   133 has taken a fork
1406   133 has taken a fork
1406   133 is eating
1406   98 is sleeping
1406   20 is sleeping
1406   148 is sleeping
1406   184 is sleeping
1406   56 is sleeping
1406   182 is sleeping
1406   18 is sleeping
1406   199 has taken a fork
1406   199 has taken a fork
1406   199 is eating
1406   164 is sleeping
1406   109 has taken a fork
1406   66 is sleeping
1406   109 has taken a fork
1406   109 is eating
1406   178 is sleeping
1406   167 has taken a fork
1406   167 has taken a fork
1406   167 is eating
1406   97 has taken a fork
1406   97 has taken a fork
1406   97 is eating
1406   88 is sleeping
1406   173 has taken a fork
1406   78 is sleeping
1406   13 has taken a fork
1406   13 has taken a fork
1406   180 is sleeping
1406   13 is eating
1406   52 is sleeping
1406   124 is sleeping
1406   149 has taken a fork
1406   149 has taken a fork
1406   149 is eating
1406   154 is sleeping
1406   76 is sleeping
1406   80 is sleeping
1406   36 is sleeping
1406   84 is sleeping
1406   41 has taken a fork
1406   50 is sleeping
1406   186 is sleeping
1406   53 has taken a fork
1406   53 has taken a fork
1406   53 is eating
1406   91 has taken a fork
1406   4 is sleeping
1406   48 is sleeping
1406   189 has taken a fork
1406   152 is sleeping
1406   71 has taken a fork
1406   71 has taken a fork
1406   71 is eating
1406   141 has taken a fork
1406   141 has taken a fork
1406   141 is eating
1406   143 has taken a fork
1406   187 has taken a fork
1406   187 has taken a fork
1406   187 is eating
1406   197 has taken a fork
1406   197 has taken a fork
1406   197 is eating
1406   165 has taken a fork
1406   165 has taken a fork
1406   165 is eating
1406   179 has taken a fork
1406   179 has taken a fork
1406   179 is eating
1406   185 has taken a fork
1406   185 has taken a fork
1406   185 is eating
1406   9 has taken a fork
1406   9 has taken a fork
1406   9 is eating
1406   17 has taken a fork
1406   83 has taken a fork
1406   83 has taken a fork
1406   83 is eating
1406   17 has taken a fork
1406   17 is eating
1406   57 has taken a fork
1406   57 has taken a fork
1406   57 is eating
1406   69 has taken a fork
1406   69 has taken a fork
1406   69 is eating
1406   127 has taken a fork
1406   113 has taken a fork
1406   113 has taken a fork
1406   113 is eating
1406   153 has taken a fork
1406   153 has taken a fork
1406   153 is eating
1406   95 has taken a fork
1406   95 has taken a fork
1406   95 is eating
1406   144 is sleeping
1406   100 is sleeping
1406   37 has taken a fork
1406   37 has taken a fork
1406   37 is eating
1406   77 has taken a fork
1406   77 has taken a fork
1406   77 is eating
1406   157 has taken a fork
1406   60 is sleeping
1406   122 is sleeping
1406   62 is sleeping
1406   67 has taken a fork
1406   67 has taken a fork
1406   67 is eating
1406   103 has taken a fork
1406   103 has taken a fork
1406   103 is eating
1406   194 is sleeping
1406   46 is sleeping
1406   111 has taken a fork
1406   111 has taken a fork
1406   111 is eating
1406   39 has taken a fork
1406   39 has taken a fork
1406   39 is eating
1406   162 is sleeping
1406   125 has taken a fork
1406   125 has taken a fork
1406   125 is eating
1406   151 has taken a fork
1406   151 has taken a fork
1406   151 is eating
1406   24 is sleeping
1406   190 is sleeping
1406   158 is sleeping
1406   128 is sleeping
1406   73 has taken a fork
1406   163 has taken a fork
1406   163 has taken a fork
1406   163 is eating
1406   119 has taken a fork
1406   119 has taken a fork
1406   119 is eating
1406   89 has taken a fork
1406   89 has taken a fork
1406   89 is eating
1406   19 has taken a fork
1406   19 has taken a fork
1406   19 is eating
1406   31 has taken a fork
1406   87 has taken a fork
1406   87 is eating
1406   5 has taken a fork
1407   32 is sleeping
1407   33 has taken a fork
1407   33 has taken a fork
1407   33 is eating
1407   129 has taken a fork
1407   129 has taken a fork
1407   129 is eating
1407   55 has taken a fork
1407   55 has taken a fork
1407   55 is eating
1407   191 has taken a fork
1407   191 has taken a fork
1407   191 is eating
1407   177 has taken a fork
1407   21 has taken a fork
1407   21 has taken a fork
1407   21 is eating
1407   145 has taken a fork
1407   61 has taken a fork
1407   61 has taken a fork
1407   61 is eating
1407   136 is sleeping
1407   11 has taken a fork
1407   11 has taken a fork
1407   11 is eating
1407   161 has taken a fork
1407   161 has taken a fork
1407   161 is eating
1407   6 is sleeping
1407   2 is sleeping
1407   135 has taken a fork
1407   135 has taken a fork
1407   135 is eating
1407   28 is sleeping
1407   107 has taken a fork
1407   107 has taken a fork
1407   107 is eating
1407   170 is sleeping
1407   42 is sleeping
1407   146 is sleeping
1407   27 has taken a fork
1407   27 has taken a fork
1407   27 is eating
1407   147 has taken a fork
1407   147 has taken a fork
1407   147 is eating
1407   193 has taken a fork
1407   193 has taken a fork
1407   193 is eating
1407   169 has taken a fork
1407   169 has taken a fork
1407   169 is eating
1407   92 is sleeping
1407   155 has taken a fork
1407   155 has taken a fork
1407   155 is eating
1407   85 has taken a fork
1407   85 has taken a fork
1407   85 is eating
1407   159 has taken a fork
1407   159 has taken a fork
1407   159 is eating
1407   137 has taken a fork
1407   47 has taken a fork
1407   47 has taken a fork
1407   47 is eating
1407   99 has taken a fork
1407   99 has taken a fork
1407   99 is eating
1407   117 has taken a fork
1407   117 has taken a fork
1407   117 is eating
1407   174 is sleeping
1407   64 is sleeping
1407   74 is sleeping
1407   183 has taken a fork
1407   183 has taken a fork
1407   183 is eating
1407   79 has taken a fork
1407   79 has taken a fork
1407   79 is eating
1406   105 has taken a fork
1407   105 has taken a fork
1407   181 has taken a fork
1407   181 has taken a fork
1407   181 is eating
1407   81 has taken a fork
1407   81 has taken a fork
1407   81 is eating
1407   35 has taken a fork
1407   35 is eating
1407   51 has taken a fork
1407   51 has taken a fork
1407   51 is eating
1407   49 has taken a fork
1407   49 has taken a fork
1407   49 is eating
1407   143 has taken a fork
1407   143 is eating
1407   101 has taken a fork
1407   101 has taken a fork
1407   59 has taken a fork
1407   59 is eating
1407   123 has taken a fork
1407   123 has taken a fork
1407   123 is eating
1407   121 has taken a fork
1407   121 is eating
1407   63 has taken a fork
1407   63 has taken a fork
1407   63 is eating
1407   195 has taken a fork
1407   195 has taken a fork
1407   195 is eating
1407   45 has taken a fork
1407   45 is eating
1407   25 has taken a fork
1407   25 has taken a fork
1407   25 is eating
1407   23 has taken a fork
1407   23 is eating
1407   189 has taken a fork
1407   189 is eating
1407   157 has taken a fork
1407   157 is eating
1407   127 has taken a fork
1407   127 is eating
1407   31 has taken a fork
1407   31 is eating
1407   177 has taken a fork
1407   177 is eating
1407   7 has taken a fork
1407   7 has taken a fork
1407   7 is eating
1407   5 has taken a fork
1407   5 is eating
1407   3 has taken a fork
1407   3 has taken a fork
1407   3 is eating
1407   29 has taken a fork
1407   29 has taken a fork
1407   29 is eating
1407   171 has taken a fork
1407   171 has taken a fork
1407   171 is eating
1407   43 has taken a fork
1407   43 has taken a fork
1407   43 is eating
1407   41 has taken a fork
1407   41 is eating
1407   145 has taken a fork
1407   145 is eating
1407   93 has taken a fork
1407   93 has taken a fork
1407   93 is eating
1407   91 has taken a fork
1407   91 is eating
1407   137 has taken a fork
1407   137 is eating
1407   175 has taken a fork
1407   175 has taken a fork
1407   175 is eating
1407   173 has taken a fork
1407   173 is eating
1407   65 has taken a fork
1407   65 has taken a fork
1407   65 is eating
1407   75 has taken a fork
1407   75 has taken a fork
1407   75 is eating
1407   73 has taken a fork
1407   73 is eating
1407   105 is eating
1407   101 is eating
1601   22 is thinking
1602   176 is thinking
1602   132 is thinking
1603   54 is thinking
1603   82 is thinking
1603   140 is thinking
1603   112 is thinking
1603   108 is thinking
1603   68 is thinking
1603   14 is thinking
1603   90 is thinking
1603   16 is thinking
1603   72 is thinking
1603   126 is thinking
1603   196 is thinking
1603   172 is thinking
1604   142 is thinking
1604   34 is thinking
1604   166 is thinking
1604   116 is thinking
1605   86 is thinking
1605   118 is thinking
1605   114 is thinking
1605   130 is thinking
1605   94 is thinking
1605   198 is thinking
1605   102 is thinking
1605   38 is thinking
1605   10 is thinking
1605   30 is thinking
1605   138 is thinking
1605   15 is sleeping
1605   58 is thinking
1605   26 is thinking
1605   134 is thinking
1605   96 is thinking
1605   12 is thinking
1605   110 is thinking
1605   120 is thinking
1605   106 is thinking
1605   70 is thinking
1605   44 is thinking
1605   40 is thinking
1605   192 is thinking
1606   168 is thinking
1606   160 is thinking
1606   188 is thinking
1606   156 is thinking
1606   115 is sleeping
1606   20 is thinking
1606   56 is thinking
1606   139 is sleeping
1606   18 is thinking
1606   104 is thinking
1606   66 is thinking
1606   109 is sleeping
1606   8 is thinking
1606   184 is thinking
1606   97 is sleeping
1606   88 is thinking
1606   150 is thinking
1606   164 is thinking
1606   167 is sleeping
1606   98 is thinking
1606   131 is sleeping
1606   148 is thinking
1606   133 is sleeping
1606   52 is thinking
1606   124 is thinking
1606   182 is thinking
1606   178 is thinking
1606   199 is sleeping
1606   76 is thinking
1606   78 is thinking
1606   13 is sleeping
1606   154 is thinking
1606   180 is thinking
1606   80 is thinking
1606   48 is thinking
1606   71 is sleeping
1606   84 is thinking
1606   152 is thinking
1606   50 is thinking
1606   186 is thinking
1606   187 is sleeping
1606   141 is sleeping
1606   165 is sleeping
1606   185 is sleeping
1606   17 is sleeping
1606   69 is sleeping
1606   153 is sleeping
1606   144 is thinking
1606   122 is thinking
1606   37 is sleeping
1606   62 is thinking
1606   67 is sleeping
1606   194 is thinking
1606   46 is thinking
1606   197 is sleeping
1606   83 is sleeping
1606   125 is sleeping
1606   9 is sleeping
1606   113 is sleeping
1606   39 is sleeping
1606   151 is sleeping
1606   128 is thinking
1606   53 is sleeping
1606   158 is thinking
1607   33 is sleeping
1607   191 is sleeping
1607   4 is thinking
1607   21 is sleeping
1607   179 is sleeping
1607   136 is thinking
1607   11 is sleeping
1607   100 is thinking
1607   2 is thinking
1607   60 is thinking
1607   162 is thinking
1607   28 is thinking
1607   103 is sleeping
1607   111 is sleeping
1607   190 is thinking
1607   170 is thinking
1607   87 is sleeping
1607   119 is sleeping
1607   92 is thinking
1607   107 is sleeping
1607   85 is sleeping
1607   169 is sleeping
1607   159 is sleeping
1607   19 is sleeping
1607   57 is sleeping
1607   95 is sleeping
1607   35 is sleeping
1607   81 is sleeping
1607   163 is sleeping
1607   74 is thinking
1607   61 is sleeping
1607   6 is thinking
1607   32 is thinking
1607   25 is sleeping
1607   129 is sleeping
1607   127 is sleeping
1607   99 is sleeping
1607   183 is sleeping
1607   29 is sleeping
1607   43 is sleeping
1607   121 is sleeping
1607   63 is sleeping
1607   79 is sleeping
1607   193 is sleeping
1607   175 is sleeping
1607   174 is thinking
1607   59 is sleeping
1607   24 is thinking
1607   23 is sleeping
1607   89 is sleeping
1607   101 is sleeping
1607   1 has taken a fork
1607   1 has taken a fork
1607   146 is thinking
1607   117 is sleeping
1607   1 is eating
1607   47 is sleeping
1607   149 is sleeping
1607   123 is sleeping
1607   157 is sleeping
1607   75 is sleeping
1607   161 is sleeping
1607   135 is sleeping
1607   143 is sleeping
1607   27 is sleeping
1607   77 is sleeping
1607   55 is sleeping
1607   64 is thinking
1607   45 is sleeping
1607   195 is sleeping
1607   65 is sleeping
1607   31 is sleeping
1607   51 is sleeping
1607   41 is sleeping
1607   91 is sleeping
1607   137 is sleeping
1607   42 is thinking
1607   155 is sleeping
1607   181 is sleeping
1607   177 is sleeping
1607   73 is sleeping
1607   147 is sleeping
1607   49 is sleeping
1607   93 is sleeping
1607   3 is sleeping
1607   189 is sleeping
1607   7 is sleeping
1607   5 is sleeping
1607   145 is sleeping
1607   105 is sleeping
1607   173 is sleeping
1607   36 is thinking
1607   171 is sleeping
1801   22 has taken a fork
1801   22 has taken a fork
1801   22 is eating
1802   176 has taken a fork
1802   176 has taken a fork
1802   176 is eating
1803   82 has taken a fork
1803   82 has taken a fork
1803   82 is eating
1803   68 has taken a fork
1803   68 has taken a fork
1803   68 is eating
1803   132 has taken a fork
1803   132 has taken a fork
1803   132 is eating
1803   54 has taken a fork
1803   54 has taken a fork
1803   54 is eating
1803   140 has taken a fork
1803   140 has taken a fork
1803   140 is eating
1803   112 has taken a fork
1803   112 has taken a fork
1803   112 is eating
1803   108 has taken a fork
1803   108 has taken a fork
1803   108 is eating
1803   14 has taken a fork
1803   14 has taken a fork
1803   14 is eating
1803   90 has taken a fork
1803   90 has taken a fork
1803   90 is eating
1803   16 has taken a fork
1803   16 has taken a fork
1803   16 is eating
1803   72 has taken a fork
1803   72 has taken a fork
1803   72 is eating
1803   126 has taken a fork
1803   126 has taken a fork
1803   126 is eating
1803   196 has taken a fork
1803   196 has taken a fork
1803   196 is eating
1803   172 has taken a fork
1803   172 has taken a fork
1803   172 is eating
1804   142 has taken a fork
1804   142 has taken a fork
1804   142 is eating
1804   34 has taken a fork
1804   34 has taken a fork
1804   34 is eating
1804   166 has taken a fork
1804   166 has taken a fork
1804   166 is eating
1805   116 has taken a fork
1805   116 has taken a fork
1805   116 is eating
1805   86 has taken a fork
1805   86 has taken a fork
1805   86 is eating
1805   118 has taken a fork
1805   118 has taken a fork
1805   118 is eating
1805   198 has taken a fork
1805   198 has taken a fork
1805   198 is eating
1805   38 has taken a fork
1805   38 has taken a fork
1805   38 is eating
1805   10 has taken a fork
1805   10 has taken a fork
1805   10 is eating
1805   30 has taken a fork
1805   30 has taken a fork
1805   30 is eating
1805   114 has taken a fork
1805   114 has taken a fork
1805   114 is eating
1805   58 has taken a fork
1805   58 has taken a fork
1805   58 is eating
1805   15 is thinking
1805   94 has taken a fork
1805   94 has taken a fork
1805   94 is eating
1805   102 has taken a fork
1805   102 has taken a fork
1805   102 is eating
1805   110 has taken a fork
1805   110 has taken a fork
1805   110 is eating
1805   106 has taken a fork
1805   106 has taken a fork
1805   106 is eating
1805   26 has taken a fork
1805   26 has taken a fork
1805   26 is eating
1805   134 has taken a fork
1805   134 has taken a fork
1805   134 is eating
1805   192 has taken a fork
1805   192 has taken a fork
1805   192 is eating
1805   96 has taken a fork
1805   96 has taken a fork
1805   96 is eating
1805   120 has taken a fork
1805   120 has taken a fork
1805   120 is eating
1805   44 has taken a fork
1805   44 has taken a fork
1805   44 is eating
1805   40 has taken a fork
1805   40 has taken a fork
1805   40 is eating
1805   130 has taken a fork
1805   130 has taken a fork
1805   130 is eating
1805   138 has taken a fork
1805   138 has taken a fork
1805   138 is eating
1805   12 has taken a fork
1805   12 has taken a fork
1805   12 is eating
1805   70 has taken a fork
1805   70 has taken a fork
1805   70 is eating
1806   168 has taken a fork
1806   168 has taken a fork
1806   168 is eating
1806   115 is thinking
1806   20 has taken a fork
1806   20 has taken a fork
1806   20 is eating
1806   18 has taken a fork
1806   18 has taken a fork
1806   18 is eating
1806   97 is thinking
1806   8 has taken a fork
1806   8 has taken a fork
1806   8 is eating
1806   164 has taken a fork
1806   164 has taken a fork
1806   164 is eating
1806   167 is thinking
1806   98 has taken a fork
1806   98 has taken a fork
1806   98 is eating
1806   131 is thinking
1806   148 has taken a fork
1806   148 has taken a fork
1806   148 is eating
1806   133 is thinking
1815   57 is thinking
1815   95 is thinking
1815   61 is thinking
1815   43 is thinking
1815   59 is thinking
1815   127 is thinking
1815   193 is thinking
1815   129 is thinking
1815   24 has taken a fork
1815   24 has taken a fork
1815   24 is eating
1815   175 is thinking
1815   160 has taken a fork
1815   160 has taken a fork
1815   160 is eating
1815   188 has taken a fork
1815   188 has taken a fork
1815   188 is eating
1815   174 has taken a fork
1815   174 has taken a fork
1815   174 is eating
1815   47 is thinking
1815   89 is thinking
1815   143 is thinking
1815   156 has taken a fork
1815   156 has taken a fork
1815   156 is eating
1815   23 is thinking
1817   1 is sleeping
1817   64 has taken a fork
1817   64 has taken a fork
1817   64 is eating
1817   157 is thinking
1817   31 is thinking
1817   27 is thinking
1817   149 is thinking
1817   75 is thinking
1817   146 has taken a fork
1817   146 has taken a fork
1817   146 is eating
1817   41 is thinking
1817   161 is thinking
1817   177 is thinking
1817   77 is thinking
1817   139 is thinking
1817   195 is thinking
1817   135 is thinking
1817   56 has taken a fork
1817   56 has taken a fork
1817   56 is eating
1817   104 has taken a fork
1817   104 has taken a fork
1817   104 is eating
1817   65 is thinking
1817   66 has taken a fork
1817   66 has taken a fork
1817   66 is eating
1817   109 is thinking
1817   181 is thinking
1817   150 has taken a fork
1817   150 has taken a fork
1817   150 is eating
1817   184 has taken a fork
1817   184 has taken a fork
1817   184 is eating
1817   155 is thinking
1817   45 is thinking
1817   91 is thinking
1817   88 has taken a fork
1817   88 has taken a fork
1817   88 is eating
1817   49 is thinking
1817   42 has taken a fork
1817   42 has taken a fork
1817   42 is eating
1817   93 is thinking
1817   147 is thinking
1817   173 is thinking
1817   189 is thinking
1817   7 is thinking
1817   145 is thinking
1817   36 has taken a fork
1817   36 has taken a fork
1817   36 is eating
1817   105 is thinking
1817   171 is thinking
1817   52 has taken a fork
1817   52 has taken a fork
1817   52 is eating
1817   124 has taken a fork
1817   124 has taken a fork
1817   124 is eating
1817   199 is thinking
1817   182 has taken a fork
1817   182 has taken a fork
1817   182 is eating
1817   13 is thinking
1817   178 has taken a fork
1817   178 has taken a fork
1817   178 is eating
1817   80 has taken a fork
1817   80 has taken a fork
1817   80 is eating
1818   76 has taken a fork
1818   76 has taken a fork
1818   76 is eating
1818   78 has taken a fork
1818   78 has taken a fork
1818   78 is eating
1818   154 has taken a fork
1818   154 has taken a fork
1818   154 is eating
1818   180 has taken a fork
1818   180 has taken a fork
1818   180 is eating
1818   3 is thinking
1818   73 is thinking
1818   5 is thinking
1818   48 has taken a fork
1818   48 has taken a fork
1818   48 is eating
1818   71 is thinking
1818   84 has taken a fork
1818   84 has taken a fork
1818   84 is eating
1818   152 has taken a fork
1818   152 has taken a fork
1818   152 is eating
1818   50 has taken a fork
1818   50 has taken a fork
1818   50 is eating
1818   187 is thinking
1818   186 has taken a fork
1818   186 has taken a fork
1818   186 is eating
1818   141 is thinking
1818   165 is thinking
1818   17 is thinking
1818   153 is thinking
1818   69 is thinking
1818   62 has taken a fork
1818   62 has taken a fork
1818   62 is eating
1818   128 has taken a fork
1818   128 has taken a fork
1818   128 is eating
1818   33 is thinking
1818   185 is thinking
1818   144 has taken a fork
1818   144 has taken a fork
1818   144 is eating
1818   122 has taken a fork
1818   122 has taken a fork
1818   122 is eating
1818   37 is thinking
1818   67 is thinking
1818   194 has taken a fork
1818   194 has taken a fork
1818   194 is eating
1818   46 has taken a fork
1818   46 has taken a fork
1818   46 is eating
1818   197 is thinking
1818   83 is thinking
1818   9 is thinking
1818   125 is thinking
1818   113 is thinking
1818   151 is thinking
1818   39 is thinking
1818   53 is thinking
1818   158 has taken a fork
1818   158 has taken a fork
1818   158 is eating
1818   79 is thinking
1818   2 died