Test case: 4 410 200 200 10
Expected: No death
Actual: Death
Iteration: 1
Timestamp: 2025-08-06 23:24:21
--------------------------------------------------
OUTPUT:
0      1 has taken a fork
0      1 has taken a fork
0      1 is eating
1      3 has taken a fork
1      3 has taken a fork
1      3 is eating
201    1 is sleeping
201    2 has taken a fork
201    4 has taken a fork
201    4 has taken a fork
201    4 is eating
201    3 is sleeping
201    2 has taken a fork
201    2 is eating
401    1 is thinking
401    3 is thinking
401    4 is sleeping
401    1 has taken a fork
401    3 has taken a fork
401    3 has taken a fork
401    3 is eating
401    2 is sleeping
401    1 has taken a fork
401    1 is eating
601    4 is thinking
601    3 is sleeping
601    2 is thinking
601    2 has taken a fork
601    1 is sleeping
601    2 has taken a fork
601    2 is eating
601    4 has taken a fork
601    4 has taken a fork
601    4 is eating
2127   1 died