Test case: 4 410 200 200 10
Expected: No death
Actual: Death
Iteration: 9
Timestamp: 2025-08-06 23:24:55
--------------------------------------------------
OUTPUT:
0      1 has taken a fork
0      1 has taken a fork
0      1 is eating
0      3 has taken a fork
0      3 has taken a fork
0      3 is eating
200    1 is sleeping
200    2 has taken a fork
200    4 has taken a fork
200    4 has taken a fork
200    4 is eating
200    3 is sleeping
200    2 has taken a fork
200    2 is eating
400    1 is thinking
400    3 is thinking
400    4 is sleeping
400    1 has taken a fork
400    3 has taken a fork
400    3 has taken a fork
400    3 is eating
400    2 is sleeping
400    1 has taken a fork
400    1 is eating
600    4 is thinking
600    3 is sleeping
600    2 is thinking
600    1 is sleeping
600    2 has taken a fork
600    2 has taken a fork
600    2 is eating
600    4 has taken a fork
600    4 has taken a fork
600    4 is eating
800    3 is thinking
800    1 is thinking
800    2 is sleeping
800    4 is sleeping
800    3 has taken a fork
800    3 has taken a fork
800    3 is eating
800    1 has taken a fork
800    1 has taken a fork
800    1 is eating
1000   2 is thinking
1000   4 is thinking
1000   3 is sleeping
1000   2 has taken a fork
1000   2 has taken a fork
1000   2 is eating
1000   1 is sleeping
1001   4 has taken a fork
1001   4 has taken a fork
1001   4 is eating
1200   3 is thinking
1200   1 is thinking
1201   2 is sleeping
1201   3 has taken a fork
1201   3 has taken a fork
1201   3 is eating
1201   4 is sleeping
1201   1 has taken a fork
1201   1 has taken a fork
1201   1 is eating
1401   2 is thinking
1401   3 is sleeping
1401   4 is thinking
1401   2 has taken a fork
1401   2 has taken a fork
1401   2 is eating
1401   1 is sleeping
1401   4 has taken a fork
1401   4 has taken a fork
1401   4 is eating
1601   3 is thinking
1601   1 is thinking
1601   2 is sleeping
1601   4 is sleeping
1601   1 has taken a fork
1601   1 has taken a fork
1601   1 is eating
1601   3 has taken a fork
1601   3 has taken a fork
1601   3 is eating
1801   2 is thinking
1801   4 is thinking
1801   3 is sleeping
1801   2 has taken a fork
1801   2 has taken a fork
1801   2 is eating
1801   1 is sleeping
1801   4 has taken a fork
1801   4 has taken a fork
1801   4 is eating
2001   3 is thinking
2001   3 has taken a fork
2001   1 is thinking
2001   2 is sleeping
2001   3 has taken a fork
2001   3 is eating
2001   4 is sleeping
2001   1 has taken a fork
2001   1 has taken a fork
2001   1 is eating
2201   2 is thinking
2201   3 is sleeping
2201   4 is thinking
2201   2 has taken a fork
2201   2 has taken a fork
2201   2 is eating
2201   1 is sleeping
2201   4 has taken a fork
2201   4 has taken a fork
2201   4 is eating
2401   3 is thinking
2401   1 is thinking
2401   2 is sleeping
2401   3 has taken a fork
2401   3 has taken a fork
2401   3 is eating
2401   4 is sleeping
2401   1 has taken a fork
2401   1 has taken a fork
2401   1 is eating
2601   2 is thinking
2601   3 is sleeping
2601   4 is thinking
2601   1 is sleeping
2601   2 has taken a fork
2601   4 has taken a fork
2601   4 has taken a fork
2601   4 is eating
2601   2 has taken a fork
2601   2 is eating
3998   1 died