Test case: 5 800 200 200 7
Expected: No death
Actual: Death
Iteration: 5
Timestamp: 2025-08-06 23:23:48
--------------------------------------------------
OUTPUT:
0      2 has taken a fork
0      2 has taken a fork
0      2 is eating
1      4 has taken a fork
1      4 has taken a fork
1      4 is eating
200    2 is sleeping
201    4 is sleeping
400    1 has taken a fork
400    1 has taken a fork
400    1 is eating
400    2 is thinking
401    3 has taken a fork
401    3 has taken a fork
401    3 is eating
401    4 is thinking
600    1 is sleeping
600    5 has taken a fork
600    5 has taken a fork
600    5 is eating
601    3 is sleeping
800    1 is thinking
800    5 is sleeping
800    2 has taken a fork
800    2 has taken a fork
800    2 is eating
801    3 is thinking
801    4 has taken a fork
801    4 has taken a fork
801    4 is eating
1000   5 is thinking
1000   2 is sleeping
1001   4 is sleeping
1200   1 has taken a fork
1200   1 has taken a fork
1200   1 is eating
1200   2 is thinking
1201   3 has taken a fork
1201   3 has taken a fork
1201   3 is eating
1201   4 is thinking
1400   1 is sleeping
1400   5 has taken a fork
1400   5 has taken a fork
1400   5 is eating
1401   3 is sleeping
1600   1 is thinking
1600   5 is sleeping
1601   2 has taken a fork
1601   2 has taken a fork
1601   2 is eating
1601   3 is thinking
1601   4 has taken a fork
1601   4 has taken a fork
1601   4 is eating
1800   5 is thinking
1801   2 is sleeping
1801   4 is sleeping
2000   1 has taken a fork
2000   1 has taken a fork
2000   1 is eating
2001   2 is thinking
2001   3 has taken a fork
2001   3 has taken a fork
2001   3 is eating
2001   4 is thinking
2200   1 is sleeping
2200   5 has taken a fork
2200   5 has taken a fork
2200   5 is eating
2201   3 is sleeping
2400   1 is thinking
2400   5 is sleeping
2401   2 has taken a fork
2401   2 has taken a fork
2401   2 is eating
2401   3 is thinking
2401   4 has taken a fork
2401   4 has taken a fork
2401   4 is eating
2600   5 is thinking
2601   2 is sleeping
2601   4 is sleeping
3994   1 died