Test case: 5 800 200 200 7
Expected: No death
Actual: Death
Iteration: 8
Timestamp: 2025-08-06 22:27:42
--------------------------------------------------
OUTPUT:
1      2 has taken a fork
1      2 has taken a fork
1      2 is eating
1      4 has taken a fork
1      4 has taken a fork
1      4 is eating
84     1 has taken a fork
201    2 is sleeping
201    3 has taken a fork
201    1 has taken a fork
201    1 is eating
201    4 is sleeping
201    3 has taken a fork
201    3 is eating
401    2 is thinking
401    1 is sleeping
401    5 has taken a fork
401    5 has taken a fork
401    5 is eating
401    4 is thinking
401    3 is sleeping
485    2 has taken a fork
485    2 has taken a fork
485    2 is eating
485    4 has taken a fork
601    1 is thinking
601    5 is sleeping
601    4 has taken a fork
601    4 is eating
601    3 is thinking
685    2 is sleeping
685    1 has taken a fork
685    1 has taken a fork
685    1 is eating
685    3 has taken a fork
801    5 is thinking
801    4 is sleeping
801    3 has taken a fork
801    3 is eating
885    2 is thinking
885    1 is sleeping
885    5 has taken a fork
885    5 has taken a fork
885    5 is eating
969    2 has taken a fork
1001   4 is thinking
1001   3 is sleeping
1001   2 has taken a fork
1001   2 is eating
1085   1 is thinking
1085   5 is sleeping
1085   4 has taken a fork
1085   4 has taken a fork
1085   4 is eating
1169   1 has taken a fork
1201   3 is thinking
1201   2 is sleeping
1201   1 has taken a fork
1201   1 is eating
1285   5 is thinking
1285   4 is sleeping
1285   3 has taken a fork
1285   3 has taken a fork
1285   3 is eating
1401   2 is thinking
1401   1 is sleeping
1401   5 has taken a fork
1401   5 has taken a fork
1401   5 is eating
1485   4 is thinking
1485   3 is sleeping
1485   2 has taken a fork
1485   2 has taken a fork
1485   2 is eating
1569   4 has taken a fork
1601   1 is thinking
1601   5 is sleeping
1601   4 has taken a fork
1601   4 is eating
1685   3 is thinking
1685   2 is sleeping
1685   1 has taken a fork
1685   1 has taken a fork
1685   1 is eating
1769   3 has taken a fork
1801   5 is thinking
1801   4 is sleeping
1801   3 has taken a fork
1801   3 is eating
1885   2 is thinking
1885   1 is sleeping
1885   5 has taken a fork
1885   5 has taken a fork
1885   5 is eating
1969   2 has taken a fork
2001   4 is thinking
2001   3 is sleeping
2001   2 has taken a fork
2001   2 is eating
2085   1 is thinking
2085   5 is sleeping
2085   4 has taken a fork
2085   4 has taken a fork
2085   4 is eating
2169   1 has taken a fork
2201   3 is thinking
2201   2 is sleeping
2201   1 has taken a fork
2201   1 is eating
2285   5 is thinking
2285   4 is sleeping
2285   3 has taken a fork
2285   3 has taken a fork
2285   3 is eating
2401   2 is thinking
2401   1 is sleeping
2401   5 has taken a fork
2401   5 has taken a fork
2401   5 is eating
2485   4 is thinking
2485   3 is sleeping
2485   2 has taken a fork
2485   2 has taken a fork
2485   2 is eating
2569   4 has taken a fork
2601   1 is thinking
2601   5 is sleeping
2601   4 has taken a fork
2601   4 is eating
2685   3 is thinking
2685   2 is sleeping
2685   1 has taken a fork
2685   1 has taken a fork
2685   1 is eating
2769   3 has taken a fork
2801   5 is thinking
2801   4 is sleeping
2801   3 has taken a fork
2801   3 is eating
2885   2 is thinking
2885   1 is sleeping
2885   5 has taken a fork
2885   5 has taken a fork
2885   5 is eating
2969   2 has taken a fork
3001   4 is thinking
3001   3 is sleeping
3001   2 has taken a fork
3001   2 is eating
3085   1 is thinking
3085   5 is sleeping
3085   4 has taken a fork
3085   4 has taken a fork
3085   4 is eating
3169   1 has taken a fork
3201   3 is thinking
3201   1 has taken a fork
3201   1 is eating
3285   5 is thinking
3285   3 has taken a fork
3285   3 has taken a fork
3285   3 is eating
3401   5 has taken a fork
3401   5 has taken a fork
3401   5 is eating
4570   3 died